This file contains any messages produced by compilers while
running configure, to aid debugging if configure makes a mistake.

It was created by Ipopt configure 3.12.11, which was
generated by GNU Autoconf 2.59.  Invocation command line was

  $ ./configure --prefix=/usr/local coin_skip_warn_cxxflags=yes --with-blas=/usr/local/lib/libcoinblas.a -lgfortran --with-lapack=/usr/local/lib/libcoinlapack.a

## --------- ##
## Platform. ##
## --------- ##

hostname = Peng-Workstation
uname -m = x86_64
uname -r = 5.13.0-37-generic
uname -s = Linux
uname -v = #42~20.04.1-Ubuntu SMP Tue Mar 15 15:44:28 UTC 2022

/usr/bin/uname -p = x86_64
/bin/uname -X     = unknown

/bin/arch              = x86_64
/usr/bin/arch -k       = unknown
/usr/convex/getsysinfo = unknown
hostinfo               = unknown
/bin/machine           = unknown
/usr/bin/oslevel       = unknown
/bin/universe          = unknown

PATH: /hdd/datasets/waymo/google-cloud-sdk/bin
PATH: /usr/local/cuda-11.5/bin
PATH: /home/peng/anaconda3/condabin
PATH: /home/peng/.local/bin
PATH: /usr/local/sbin
PATH: /usr/local/bin
PATH: /usr/sbin
PATH: /usr/bin
PATH: /sbin
PATH: /bin
PATH: /usr/games
PATH: /usr/local/games
PATH: /snap/bin
PATH: /usr/local/cuda/bin


## ----------- ##
## Core tests. ##
## ----------- ##

configure:1698: checking build system type
configure:1716: result: x86_64-unknown-linux-gnu
configure:1727: checking whether we want to compile in debug mode
configure:1756: result: no
configure:1972: checking for gcc
configure:1988: found /usr/bin/gcc
configure:1998: result: gcc
configure:2019: checking for C compiler version
configure:2022: gcc --version </dev/null >&5
gcc (Ubuntu 9.4.0-1ubuntu1~20.04.1) 9.4.0
Copyright (C) 2019 Free Software Foundation, Inc.
This is free software; see the source for copying conditions.  There is NO
warranty; not even for MERCHANTABILITY or FITNESS FOR A PARTICULAR PURPOSE.

configure:2025: $? = 0
configure:2027: gcc -v </dev/null >&5
Using built-in specs.
COLLECT_GCC=gcc
COLLECT_LTO_WRAPPER=/usr/lib/gcc/x86_64-linux-gnu/9/lto-wrapper
OFFLOAD_TARGET_NAMES=nvptx-none:hsa
OFFLOAD_TARGET_DEFAULT=1
Target: x86_64-linux-gnu
Configured with: ../src/configure -v --with-pkgversion='Ubuntu 9.4.0-1ubuntu1~20.04.1' --with-bugurl=file:///usr/share/doc/gcc-9/README.Bugs --enable-languages=c,ada,c++,go,brig,d,fortran,objc,obj-c++,gm2 --prefix=/usr --with-gcc-major-version-only --program-suffix=-9 --program-prefix=x86_64-linux-gnu- --enable-shared --enable-linker-build-id --libexecdir=/usr/lib --without-included-gettext --enable-threads=posix --libdir=/usr/lib --enable-nls --enable-clocale=gnu --enable-libstdcxx-debug --enable-libstdcxx-time=yes --with-default-libstdcxx-abi=new --enable-gnu-unique-object --disable-vtable-verify --enable-plugin --enable-default-pie --with-system-zlib --with-target-system-zlib=auto --enable-objc-gc=auto --enable-multiarch --disable-werror --with-arch-32=i686 --with-abi=m64 --with-multilib-list=m32,m64,mx32 --enable-multilib --with-tune=generic --enable-offload-targets=nvptx-none=/build/gcc-9-Av3uEd/gcc-9-9.4.0/debian/tmp-nvptx/usr,hsa --without-cuda-driver --enable-checking=release --build=x86_64-linux-gnu --host=x86_64-linux-gnu --target=x86_64-linux-gnu
Thread model: posix
gcc version 9.4.0 (Ubuntu 9.4.0-1ubuntu1~20.04.1) 
configure:2030: $? = 0
configure:2032: gcc -V </dev/null >&5
gcc: error: unrecognized command line option '-V'
gcc: fatal error: no input files
compilation terminated.
configure:2035: $? = 1
configure:2058: checking for C compiler default output file name
configure:2061: gcc    conftest.c  >&5
configure:2064: $? = 0
configure:2110: result: a.out
configure:2115: checking whether the C compiler works
configure:2121: ./a.out
configure:2124: $? = 0
configure:2141: result: yes
configure:2148: checking whether we are cross compiling
configure:2150: result: no
configure:2153: checking for suffix of executables
configure:2155: gcc -o conftest    conftest.c  >&5
configure:2158: $? = 0
configure:2183: result: 
configure:2189: checking for suffix of object files
configure:2210: gcc -c   conftest.c >&5
configure:2213: $? = 0
configure:2235: result: o
configure:2239: checking whether we are using the GNU C compiler
configure:2263: gcc -c   conftest.c >&5
configure:2269: $? = 0
configure:2273: test -z 
			 || test ! -s conftest.err
configure:2276: $? = 0
configure:2279: test -s conftest.o
configure:2282: $? = 0
configure:2295: result: yes
configure:2301: checking whether gcc accepts -g
configure:2322: gcc -c -g  conftest.c >&5
configure:2328: $? = 0
configure:2332: test -z 
			 || test ! -s conftest.err
configure:2335: $? = 0
configure:2338: test -s conftest.o
configure:2341: $? = 0
configure:2352: result: yes
configure:2369: checking for gcc option to accept ANSI C
configure:2439: gcc  -c -g -O2  conftest.c >&5
configure:2445: $? = 0
configure:2449: test -z 
			 || test ! -s conftest.err
configure:2452: $? = 0
configure:2455: test -s conftest.o
configure:2458: $? = 0
configure:2476: result: none needed
configure:2494: gcc -c -g -O2  conftest.c >&5
conftest.c:2:3: error: unknown type name 'choke'
    2 |   choke me
      |   ^~~~~
conftest.c:2:3: error: expected '=', ',', ';', 'asm' or '__attribute__' at end of input
configure:2500: $? = 1
configure: failed program was:
| #ifndef __cplusplus
|   choke me
| #endif
configure:2921: gcc -o conftest -O3 -pipe -DNDEBUG -Wimplicit -Wparentheses -Wsequence-point -Wreturn-type -Wcast-qual -Wall -Wno-unknown-pragmas -Wno-long-long     conftest.c  >&5
configure:2927: $? = 0
configure:2931: test -z 
			 || test ! -s conftest.err
configure:2934: $? = 0
configure:2937: test -s conftest
configure:2940: $? = 0
configure:3007: C compiler options are: -O3 -pipe -DNDEBUG -Wimplicit -Wparentheses -Wsequence-point -Wreturn-type -Wcast-qual -Wall -Wno-unknown-pragmas -Wno-long-long  
configure:3124: checking for g++
configure:3140: found /usr/bin/g++
configure:3150: result: g++
configure:3166: checking for C++ compiler version
configure:3169: g++ --version </dev/null >&5
g++ (Ubuntu 9.4.0-1ubuntu1~20.04.1) 9.4.0
Copyright (C) 2019 Free Software Foundation, Inc.
This is free software; see the source for copying conditions.  There is NO
warranty; not even for MERCHANTABILITY or FITNESS FOR A PARTICULAR PURPOSE.

configure:3172: $? = 0
configure:3174: g++ -v </dev/null >&5
Using built-in specs.
COLLECT_GCC=g++
COLLECT_LTO_WRAPPER=/usr/lib/gcc/x86_64-linux-gnu/9/lto-wrapper
OFFLOAD_TARGET_NAMES=nvptx-none:hsa
OFFLOAD_TARGET_DEFAULT=1
Target: x86_64-linux-gnu
Configured with: ../src/configure -v --with-pkgversion='Ubuntu 9.4.0-1ubuntu1~20.04.1' --with-bugurl=file:///usr/share/doc/gcc-9/README.Bugs --enable-languages=c,ada,c++,go,brig,d,fortran,objc,obj-c++,gm2 --prefix=/usr --with-gcc-major-version-only --program-suffix=-9 --program-prefix=x86_64-linux-gnu- --enable-shared --enable-linker-build-id --libexecdir=/usr/lib --without-included-gettext --enable-threads=posix --libdir=/usr/lib --enable-nls --enable-clocale=gnu --enable-libstdcxx-debug --enable-libstdcxx-time=yes --with-default-libstdcxx-abi=new --enable-gnu-unique-object --disable-vtable-verify --enable-plugin --enable-default-pie --with-system-zlib --with-target-system-zlib=auto --enable-objc-gc=auto --enable-multiarch --disable-werror --with-arch-32=i686 --with-abi=m64 --with-multilib-list=m32,m64,mx32 --enable-multilib --with-tune=generic --enable-offload-targets=nvptx-none=/build/gcc-9-Av3uEd/gcc-9-9.4.0/debian/tmp-nvptx/usr,hsa --without-cuda-driver --enable-checking=release --build=x86_64-linux-gnu --host=x86_64-linux-gnu --target=x86_64-linux-gnu
Thread model: posix
gcc version 9.4.0 (Ubuntu 9.4.0-1ubuntu1~20.04.1) 
configure:3177: $? = 0
configure:3179: g++ -V </dev/null >&5
g++: error: unrecognized command line option '-V'
g++: fatal error: no input files
compilation terminated.
configure:3182: $? = 1
configure:3185: checking whether we are using the GNU C++ compiler
configure:3209: g++ -c   conftest.cc >&5
configure:3215: $? = 0
configure:3219: test -z 
			 || test ! -s conftest.err
configure:3222: $? = 0
configure:3225: test -s conftest.o
configure:3228: $? = 0
configure:3241: result: yes
configure:3247: checking whether g++ accepts -g
configure:3268: g++ -c -g  conftest.cc >&5
configure:3274: $? = 0
configure:3278: test -z 
			 || test ! -s conftest.err
configure:3281: $? = 0
configure:3284: test -s conftest.o
configure:3287: $? = 0
configure:3298: result: yes
configure:3340: g++ -c -g -O2  conftest.cc >&5
configure:3346: $? = 0
configure:3350: test -z 
			 || test ! -s conftest.err
configure:3353: $? = 0
configure:3356: test -s conftest.o
configure:3359: $? = 0
configure:3385: g++ -c -g -O2  conftest.cc >&5
conftest.cc: In function 'int main()':
conftest.cc:13:1: error: 'exit' was not declared in this scope
   13 | exit (42);
      | ^~~~
configure:3391: $? = 1
configure: failed program was:
| /* confdefs.h.  */
| 
| #define PACKAGE_NAME "Ipopt"
| #define PACKAGE_TARNAME "ipopt"
| #define PACKAGE_VERSION "3.12.11"
| #define PACKAGE_STRING "Ipopt 3.12.11"
| #define PACKAGE_BUGREPORT "http://projects.coin-or.org/Ipopt/newticket"
| /* end confdefs.h.  */
| 
| int
| main ()
| {
| exit (42);
|   ;
|   return 0;
| }
configure:3340: g++ -c -g -O2  conftest.cc >&5
configure:3346: $? = 0
configure:3350: test -z 
			 || test ! -s conftest.err
configure:3353: $? = 0
configure:3356: test -s conftest.o
configure:3359: $? = 0
configure:3385: g++ -c -g -O2  conftest.cc >&5
configure:3391: $? = 0
configure:3395: test -z 
			 || test ! -s conftest.err
configure:3398: $? = 0
configure:3401: test -s conftest.o
configure:3404: $? = 0
configure:3436: checking whether C++ compiler g++ works
configure:3454: g++ -c -g -O2  conftest.cc >&5
configure:3460: $? = 0
configure:3464: test -z 
			 || test ! -s conftest.err
configure:3467: $? = 0
configure:3470: test -s conftest.o
configure:3473: $? = 0
configure:3475: result: yes
configure:3796: g++ -o conftest -O3 -pipe -DNDEBUG      conftest.cc  >&5
configure:3802: $? = 0
configure:3806: test -z 
			 || test ! -s conftest.err
configure:3809: $? = 0
configure:3812: test -s conftest
configure:3815: $? = 0
configure:3882: C++ compiler options are: -O3 -pipe -DNDEBUG   
configure:3953: Trying to determine Fortran compiler name
configure:4002: checking for gfortran
configure:4018: found /usr/bin/gfortran
configure:4028: result: gfortran
configure:4138: checking for Fortran 77 compiler version
configure:4139: gfortran --version </dev/null >&5
GNU Fortran (Ubuntu 9.4.0-1ubuntu1~20.04.1) 9.4.0
Copyright (C) 2019 Free Software Foundation, Inc.
This is free software; see the source for copying conditions.  There is NO
warranty; not even for MERCHANTABILITY or FITNESS FOR A PARTICULAR PURPOSE.

configure:4142: $? = 0
configure:4144: gfortran -v </dev/null >&5
Using built-in specs.
COLLECT_GCC=gfortran
COLLECT_LTO_WRAPPER=/usr/lib/gcc/x86_64-linux-gnu/9/lto-wrapper
OFFLOAD_TARGET_NAMES=nvptx-none:hsa
OFFLOAD_TARGET_DEFAULT=1
Target: x86_64-linux-gnu
Configured with: ../src/configure -v --with-pkgversion='Ubuntu 9.4.0-1ubuntu1~20.04.1' --with-bugurl=file:///usr/share/doc/gcc-9/README.Bugs --enable-languages=c,ada,c++,go,brig,d,fortran,objc,obj-c++,gm2 --prefix=/usr --with-gcc-major-version-only --program-suffix=-9 --program-prefix=x86_64-linux-gnu- --enable-shared --enable-linker-build-id --libexecdir=/usr/lib --without-included-gettext --enable-threads=posix --libdir=/usr/lib --enable-nls --enable-clocale=gnu --enable-libstdcxx-debug --enable-libstdcxx-time=yes --with-default-libstdcxx-abi=new --enable-gnu-unique-object --disable-vtable-verify --enable-plugin --enable-default-pie --with-system-zlib --with-target-system-zlib=auto --enable-objc-gc=auto --enable-multiarch --disable-werror --with-arch-32=i686 --with-abi=m64 --with-multilib-list=m32,m64,mx32 --enable-multilib --with-tune=generic --enable-offload-targets=nvptx-none=/build/gcc-9-Av3uEd/gcc-9-9.4.0/debian/tmp-nvptx/usr,hsa --without-cuda-driver --enable-checking=release --build=x86_64-linux-gnu --host=x86_64-linux-gnu --target=x86_64-linux-gnu
Thread model: posix
gcc version 9.4.0 (Ubuntu 9.4.0-1ubuntu1~20.04.1) 
configure:4147: $? = 0
configure:4149: gfortran -V </dev/null >&5
gfortran: error: unrecognized command line option '-V'
gfortran: fatal error: no input files
compilation terminated.
configure:4152: $? = 1
configure:4160: checking whether we are using the GNU Fortran 77 compiler
configure:4174: gfortran -c  conftest.F >&5
configure:4180: $? = 0
configure:4184: test -z 
			 || test ! -s conftest.err
configure:4187: $? = 0
configure:4190: test -s conftest.o
configure:4193: $? = 0
configure:4206: result: yes
configure:4212: checking whether gfortran accepts -g
configure:4224: gfortran -c -g conftest.f >&5
configure:4230: $? = 0
configure:4234: test -z 
			 || test ! -s conftest.err
configure:4237: $? = 0
configure:4240: test -s conftest.o
configure:4243: $? = 0
configure:4255: result: yes
configure:4361: gfortran -o conftest -O3 -pipe    conftest.f  >&5
configure:4367: $? = 0
configure:4371: test -z 
			 || test ! -s conftest.err
configure:4374: $? = 0
configure:4377: test -s conftest
configure:4380: $? = 0
configure:4438: Fortran compiler options are: -O3 -pipe  
configure:4561: checking for egrep
configure:4571: result: grep -E
configure:4576: checking whether ln -s works
configure:4580: result: yes
configure:4601: checking for a BSD-compatible install
configure:4656: result: /usr/bin/install -c
configure:4667: checking whether build environment is sane
configure:4710: result: yes
configure:4775: checking for gawk
configure:4804: result: no
configure:4775: checking for mawk
configure:4791: found /usr/bin/mawk
configure:4801: result: mawk
configure:4811: checking whether make sets $(MAKE)
configure:4831: result: yes
configure:4861: checking for style of include used by make
configure:4889: result: GNU
configure:5070: checking dependency style of gcc
configure:5160: result: gcc3
configure:5179: checking dependency style of g++
configure:5269: result: gcc3
configure:5287: checking whether to enable maintainer-specific portions of Makefiles
configure:5296: result: no
configure:5746: checking host system type
configure:5760: result: x86_64-unknown-linux-gnu
configure:5768: checking for a sed that does not truncate output
configure:5822: result: /usr/bin/sed
configure:5836: checking for ld used by gcc
configure:5903: result: /usr/bin/ld
configure:5912: checking if the linker (/usr/bin/ld) is GNU ld
configure:5927: result: yes
configure:5932: checking for /usr/bin/ld option to reload object files
configure:5939: result: -r
configure:5957: checking for BSD-compatible nm
configure:6006: result: /usr/bin/nm -B
configure:6010: checking how to recognise dependent libraries
configure:6186: result: pass_all
configure:6273: gcc -c -O3 -pipe -DNDEBUG -Wimplicit -Wparentheses -Wsequence-point -Wreturn-type -Wcast-qual -Wall -Wno-unknown-pragmas -Wno-long-long    conftest.c >&5
configure:6276: $? = 0
configure:6422: checking how to run the C preprocessor
configure:6457: gcc -E  conftest.c
configure:6463: $? = 0
configure:6495: gcc -E  conftest.c
conftest.c:14:10: fatal error: ac_nonexistent.h: No such file or directory
   14 | #include <ac_nonexistent.h>
      |          ^~~~~~~~~~~~~~~~~~
compilation terminated.
configure:6501: $? = 1
configure: failed program was:
| /* confdefs.h.  */
| 
| #define PACKAGE_NAME "Ipopt"
| #define PACKAGE_TARNAME "ipopt"
| #define PACKAGE_VERSION "3.12.11"
| #define PACKAGE_STRING "Ipopt 3.12.11"
| #define PACKAGE_BUGREPORT "http://projects.coin-or.org/Ipopt/newticket"
| #ifdef __cplusplus
| extern "C" void std::exit (int) throw (); using std::exit;
| #endif
| #define PACKAGE "ipopt"
| #define VERSION "3.12.11"
| /* end confdefs.h.  */
| #include <ac_nonexistent.h>
configure:6540: result: gcc -E
configure:6564: gcc -E  conftest.c
configure:6570: $? = 0
configure:6602: gcc -E  conftest.c
conftest.c:14:10: fatal error: ac_nonexistent.h: No such file or directory
   14 | #include <ac_nonexistent.h>
      |          ^~~~~~~~~~~~~~~~~~
compilation terminated.
configure:6608: $? = 1
configure: failed program was:
| /* confdefs.h.  */
| 
| #define PACKAGE_NAME "Ipopt"
| #define PACKAGE_TARNAME "ipopt"
| #define PACKAGE_VERSION "3.12.11"
| #define PACKAGE_STRING "Ipopt 3.12.11"
| #define PACKAGE_BUGREPORT "http://projects.coin-or.org/Ipopt/newticket"
| #ifdef __cplusplus
| extern "C" void std::exit (int) throw (); using std::exit;
| #endif
| #define PACKAGE "ipopt"
| #define VERSION "3.12.11"
| /* end confdefs.h.  */
| #include <ac_nonexistent.h>
configure:6652: checking for ANSI C header files
configure:6677: gcc -c -O3 -pipe -DNDEBUG -Wimplicit -Wparentheses -Wsequence-point -Wreturn-type -Wcast-qual -Wall -Wno-unknown-pragmas -Wno-long-long    conftest.c >&5
configure:6683: $? = 0
configure:6687: test -z 
			 || test ! -s conftest.err
configure:6690: $? = 0
configure:6693: test -s conftest.o
configure:6696: $? = 0
configure:6785: gcc -o conftest -O3 -pipe -DNDEBUG -Wimplicit -Wparentheses -Wsequence-point -Wreturn-type -Wcast-qual -Wall -Wno-unknown-pragmas -Wno-long-long     conftest.c  >&5
conftest.c: In function 'main':
conftest.c:31:7: warning: implicit declaration of function 'exit' [-Wimplicit-function-declaration]
   31 |       exit(2);
      |       ^~~~
conftest.c:31:7: warning: incompatible implicit declaration of built-in function 'exit'
conftest.c:15:1: note: include '<stdlib.h>' or provide a declaration of 'exit'
   14 | #include <ctype.h>
  +++ |+#include <stdlib.h>
   15 | #if ((' ' & 0x0FF) == 0x020)
conftest.c:32:3: warning: incompatible implicit declaration of built-in function 'exit'
   32 |   exit (0);
      |   ^~~~
conftest.c:32:3: note: include '<stdlib.h>' or provide a declaration of 'exit'
configure:6788: $? = 0
configure:6790: ./conftest
configure:6793: $? = 0
configure:6808: result: yes
configure:6832: checking for sys/types.h
configure:6848: gcc -c -O3 -pipe -DNDEBUG -Wimplicit -Wparentheses -Wsequence-point -Wreturn-type -Wcast-qual -Wall -Wno-unknown-pragmas -Wno-long-long    conftest.c >&5
configure:6854: $? = 0
configure:6858: test -z 
			 || test ! -s conftest.err
configure:6861: $? = 0
configure:6864: test -s conftest.o
configure:6867: $? = 0
configure:6878: result: yes
configure:6832: checking for sys/stat.h
configure:6848: gcc -c -O3 -pipe -DNDEBUG -Wimplicit -Wparentheses -Wsequence-point -Wreturn-type -Wcast-qual -Wall -Wno-unknown-pragmas -Wno-long-long    conftest.c >&5
configure:6854: $? = 0
configure:6858: test -z 
			 || test ! -s conftest.err
configure:6861: $? = 0
configure:6864: test -s conftest.o
configure:6867: $? = 0
configure:6878: result: yes
configure:6832: checking for stdlib.h
configure:6848: gcc -c -O3 -pipe -DNDEBUG -Wimplicit -Wparentheses -Wsequence-point -Wreturn-type -Wcast-qual -Wall -Wno-unknown-pragmas -Wno-long-long    conftest.c >&5
configure:6854: $? = 0
configure:6858: test -z 
			 || test ! -s conftest.err
configure:6861: $? = 0
configure:6864: test -s conftest.o
configure:6867: $? = 0
configure:6878: result: yes
configure:6832: checking for string.h
configure:6848: gcc -c -O3 -pipe -DNDEBUG -Wimplicit -Wparentheses -Wsequence-point -Wreturn-type -Wcast-qual -Wall -Wno-unknown-pragmas -Wno-long-long    conftest.c >&5
configure:6854: $? = 0
configure:6858: test -z 
			 || test ! -s conftest.err
configure:6861: $? = 0
configure:6864: test -s conftest.o
configure:6867: $? = 0
configure:6878: result: yes
configure:6832: checking for memory.h
configure:6848: gcc -c -O3 -pipe -DNDEBUG -Wimplicit -Wparentheses -Wsequence-point -Wreturn-type -Wcast-qual -Wall -Wno-unknown-pragmas -Wno-long-long    conftest.c >&5
configure:6854: $? = 0
configure:6858: test -z 
			 || test ! -s conftest.err
configure:6861: $? = 0
configure:6864: test -s conftest.o
configure:6867: $? = 0
configure:6878: result: yes
configure:6832: checking for strings.h
configure:6848: gcc -c -O3 -pipe -DNDEBUG -Wimplicit -Wparentheses -Wsequence-point -Wreturn-type -Wcast-qual -Wall -Wno-unknown-pragmas -Wno-long-long    conftest.c >&5
configure:6854: $? = 0
configure:6858: test -z 
			 || test ! -s conftest.err
configure:6861: $? = 0
configure:6864: test -s conftest.o
configure:6867: $? = 0
configure:6878: result: yes
configure:6832: checking for inttypes.h
configure:6848: gcc -c -O3 -pipe -DNDEBUG -Wimplicit -Wparentheses -Wsequence-point -Wreturn-type -Wcast-qual -Wall -Wno-unknown-pragmas -Wno-long-long    conftest.c >&5
configure:6854: $? = 0
configure:6858: test -z 
			 || test ! -s conftest.err
configure:6861: $? = 0
configure:6864: test -s conftest.o
configure:6867: $? = 0
configure:6878: result: yes
configure:6832: checking for stdint.h
configure:6848: gcc -c -O3 -pipe -DNDEBUG -Wimplicit -Wparentheses -Wsequence-point -Wreturn-type -Wcast-qual -Wall -Wno-unknown-pragmas -Wno-long-long    conftest.c >&5
configure:6854: $? = 0
configure:6858: test -z 
			 || test ! -s conftest.err
configure:6861: $? = 0
configure:6864: test -s conftest.o
configure:6867: $? = 0
configure:6878: result: yes
configure:6832: checking for unistd.h
configure:6848: gcc -c -O3 -pipe -DNDEBUG -Wimplicit -Wparentheses -Wsequence-point -Wreturn-type -Wcast-qual -Wall -Wno-unknown-pragmas -Wno-long-long    conftest.c >&5
configure:6854: $? = 0
configure:6858: test -z 
			 || test ! -s conftest.err
configure:6861: $? = 0
configure:6864: test -s conftest.o
configure:6867: $? = 0
configure:6878: result: yes
configure:6904: checking dlfcn.h usability
configure:6916: gcc -c -O3 -pipe -DNDEBUG -Wimplicit -Wparentheses -Wsequence-point -Wreturn-type -Wcast-qual -Wall -Wno-unknown-pragmas -Wno-long-long    conftest.c >&5
configure:6922: $? = 0
configure:6926: test -z 
			 || test ! -s conftest.err
configure:6929: $? = 0
configure:6932: test -s conftest.o
configure:6935: $? = 0
configure:6945: result: yes
configure:6949: checking dlfcn.h presence
configure:6959: gcc -E  conftest.c
configure:6965: $? = 0
configure:6985: result: yes
configure:7020: checking for dlfcn.h
configure:7027: result: yes
configure:7050: checking how to run the C++ preprocessor
configure:7081: g++ -E  conftest.cc
configure:7087: $? = 0
configure:7119: g++ -E  conftest.cc
conftest.cc:25:10: fatal error: ac_nonexistent.h: No such file or directory
   25 | #include <ac_nonexistent.h>
      |          ^~~~~~~~~~~~~~~~~~
compilation terminated.
configure:7125: $? = 1
configure: failed program was:
| /* confdefs.h.  */
| 
| #define PACKAGE_NAME "Ipopt"
| #define PACKAGE_TARNAME "ipopt"
| #define PACKAGE_VERSION "3.12.11"
| #define PACKAGE_STRING "Ipopt 3.12.11"
| #define PACKAGE_BUGREPORT "http://projects.coin-or.org/Ipopt/newticket"
| #ifdef __cplusplus
| extern "C" void std::exit (int) throw (); using std::exit;
| #endif
| #define PACKAGE "ipopt"
| #define VERSION "3.12.11"
| #define STDC_HEADERS 1
| #define HAVE_SYS_TYPES_H 1
| #define HAVE_SYS_STAT_H 1
| #define HAVE_STDLIB_H 1
| #define HAVE_STRING_H 1
| #define HAVE_MEMORY_H 1
| #define HAVE_STRINGS_H 1
| #define HAVE_INTTYPES_H 1
| #define HAVE_STDINT_H 1
| #define HAVE_UNISTD_H 1
| #define HAVE_DLFCN_H 1
| /* end confdefs.h.  */
| #include <ac_nonexistent.h>
configure:7164: result: g++ -E
configure:7188: g++ -E  conftest.cc
configure:7194: $? = 0
configure:7226: g++ -E  conftest.cc
conftest.cc:25:10: fatal error: ac_nonexistent.h: No such file or directory
   25 | #include <ac_nonexistent.h>
      |          ^~~~~~~~~~~~~~~~~~
compilation terminated.
configure:7232: $? = 1
configure: failed program was:
| /* confdefs.h.  */
| 
| #define PACKAGE_NAME "Ipopt"
| #define PACKAGE_TARNAME "ipopt"
| #define PACKAGE_VERSION "3.12.11"
| #define PACKAGE_STRING "Ipopt 3.12.11"
| #define PACKAGE_BUGREPORT "http://projects.coin-or.org/Ipopt/newticket"
| #ifdef __cplusplus
| extern "C" void std::exit (int) throw (); using std::exit;
| #endif
| #define PACKAGE "ipopt"
| #define VERSION "3.12.11"
| #define STDC_HEADERS 1
| #define HAVE_SYS_TYPES_H 1
| #define HAVE_SYS_STAT_H 1
| #define HAVE_STDLIB_H 1
| #define HAVE_STRING_H 1
| #define HAVE_MEMORY_H 1
| #define HAVE_STRINGS_H 1
| #define HAVE_INTTYPES_H 1
| #define HAVE_STDINT_H 1
| #define HAVE_UNISTD_H 1
| #define HAVE_DLFCN_H 1
| /* end confdefs.h.  */
| #include <ac_nonexistent.h>
configure:7281: checking the maximum length of command line arguments
configure:7390: result: 32768
configure:7401: checking command to parse /usr/bin/nm -B output from gcc object
configure:7506: g++ -c -O3 -pipe -DNDEBUG     conftest.cc >&5
configure:7509: $? = 0
configure:7513: /usr/bin/nm -B conftest.o \| sed -n -e 's/^.*[ 	]\([ABCDGIRSTW][ABCDGIRSTW]*\)[ 	][ 	]*\([_A-Za-z][_A-Za-z0-9]*\)$/\1 \2 \2/p' \> conftest.nm
configure:7516: $? = 0
configure:7568: g++ -o conftest -O3 -pipe -DNDEBUG      conftest.cc conftstm.o >&5
configure:7571: $? = 0
configure:7609: result: ok
configure:7613: checking for objdir
configure:7628: result: .libs
configure:7718: checking for ar
configure:7734: found /usr/bin/ar
configure:7745: result: ar
configure:7798: checking for ranlib
configure:7814: found /usr/bin/ranlib
configure:7825: result: ranlib
configure:7878: checking for strip
configure:7894: found /usr/bin/strip
configure:7905: result: strip
configure:8181: checking if gcc supports -fno-rtti -fno-exceptions
configure:8330: gcc -c -O3 -pipe -DNDEBUG -Wimplicit -Wparentheses -Wsequence-point -Wreturn-type -Wcast-qual -Wall -Wno-unknown-pragmas -Wno-long-long    -fno-rtti -fno-exceptions conftest.c >&5
cc1: warning: command line option '-fno-rtti' is valid for C++/D/ObjC++ but not for C
configure:8334: $? = 0
configure:8216: result: no
configure:8231: checking for gcc option to produce PIC
configure:8441: result: -fPIC
configure:8449: checking if gcc PIC flag -fPIC works
configure:8598: gcc -c -O3 -pipe -DNDEBUG -Wimplicit -Wparentheses -Wsequence-point -Wreturn-type -Wcast-qual -Wall -Wno-unknown-pragmas -Wno-long-long    -fPIC -DPIC conftest.c >&5
configure:8602: $? = 0
configure:8484: result: yes
configure:8512: checking if gcc static flag -static works
configure:8540: result: yes
configure:8550: checking if gcc supports -c -o file.o
configure:8702: gcc -c -O3 -pipe -DNDEBUG -Wimplicit -Wparentheses -Wsequence-point -Wreturn-type -Wcast-qual -Wall -Wno-unknown-pragmas -Wno-long-long    -o out/conftest2.o conftest.c >&5
configure:8706: $? = 0
configure:8597: result: yes
configure:8623: checking whether the gcc linker (/usr/bin/ld -m elf_x86_64) supports shared libraries
configure:9581: result: yes
configure:9602: checking whether -lc should be explicitly linked in
configure:9607: gcc -c -O3 -pipe -DNDEBUG -Wimplicit -Wparentheses -Wsequence-point -Wreturn-type -Wcast-qual -Wall -Wno-unknown-pragmas -Wno-long-long    conftest.c >&5
configure:9610: $? = 0
configure:9625: gcc -shared conftest.o  -v -Wl,-soname -Wl,conftest -o conftest 2\>\&1 \| grep  -lc  \>/dev/null 2\>\&1
configure:9628: $? = 0
configure:9640: result: no
configure:9648: checking dynamic linker characteristics
configure:10236: result: GNU/Linux ld.so
configure:10245: checking how to hardcode library paths into programs
configure:10270: result: immediate
configure:10284: checking whether stripping libraries is possible
configure:10289: result: yes
configure:11123: checking if libtool supports shared libraries
configure:11125: result: yes
configure:11128: checking whether to build shared libraries
configure:11149: result: yes
configure:11152: checking whether to build static libraries
configure:11156: result: no
configure:11248: creating libtool
configure:11836: checking for ld used by g++
configure:11903: result: /usr/bin/ld -m elf_x86_64
configure:11912: checking if the linker (/usr/bin/ld -m elf_x86_64) is GNU ld
configure:11927: result: yes
configure:11978: checking whether the g++ linker (/usr/bin/ld -m elf_x86_64) supports shared libraries
configure:12916: result: yes
configure:12938: g++ -c -O3 -pipe -DNDEBUG     conftest.cpp >&5
configure:12941: $? = 0
configure:13060: checking for g++ option to produce PIC
configure:13334: result: -fPIC
configure:13342: checking if g++ PIC flag -fPIC works
configure:13491: g++ -c -O3 -pipe -DNDEBUG     -fPIC -DPIC conftest.cpp >&5
configure:13495: $? = 0
configure:13377: result: yes
configure:13405: checking if g++ static flag -static works
configure:13433: result: yes
configure:13443: checking if g++ supports -c -o file.o
configure:13595: g++ -c -O3 -pipe -DNDEBUG     -o out/conftest2.o conftest.cpp >&5
configure:13599: $? = 0
configure:13490: result: yes
configure:13516: checking whether the g++ linker (/usr/bin/ld -m elf_x86_64) supports shared libraries
configure:13541: result: yes
configure:13608: checking dynamic linker characteristics
configure:14196: result: GNU/Linux ld.so
configure:14205: checking how to hardcode library paths into programs
configure:14230: result: immediate
configure:14756: checking if libtool supports shared libraries
configure:14758: result: yes
configure:14761: checking whether to build shared libraries
configure:14781: result: yes
configure:14784: checking whether to build static libraries
configure:14788: result: no
configure:14798: checking for gfortran option to produce PIC
configure:15008: result: -fPIC
configure:15016: checking if gfortran PIC flag -fPIC works
configure:15165: gfortran -c -O3 -pipe   -fPIC conftest.f >&5
configure:15169: $? = 0
configure:15051: result: yes
configure:15079: checking if gfortran static flag -static works
configure:15107: result: yes
configure:15117: checking if gfortran supports -c -o file.o
configure:15269: gfortran -c -O3 -pipe   -o out/conftest2.o conftest.f >&5
configure:15273: $? = 0
configure:15164: result: yes
configure:15190: checking whether the gfortran linker (/usr/bin/ld -m elf_x86_64) supports shared libraries
configure:16128: result: yes
configure:16195: checking dynamic linker characteristics
configure:16783: result: GNU/Linux ld.so
configure:16792: checking how to hardcode library paths into programs
configure:16817: result: immediate
configure:20403: Build is "x86_64-unknown-linux-gnu".
configure:20656: checking if library version is set
configure:20663: result: no
configure:8581: checking whether source of project ASL is available and should be compiled
configure:8690: result: yes, source in ThirdParty/ASL
configure:8705: checking whether source of project Metis is available and should be compiled
configure:8814: result: no, source file ./ThirdParty/Metis/metis-4.0/Lib/balance.c not available
configure:8830: checking whether source of project Blas is available and should be compiled
configure:8955: result: no, --with-blas has been specified
configure:8970: checking whether source of project Lapack is available and should be compiled
configure:9095: result: no, --with-lapack has been specified
configure:9110: checking whether source of project HSL is available and should be compiled
configure:9219: result: no, source file ./ThirdParty/HSL/coinhsl/common/deps.f not available
configure:9234: checking whether source of project Mumps is available and should be compiled
configure:9343: result: yes, source in ThirdParty/Mumps
configure:9364: checking whether source of project Ipopt is available and should be compiled
configure:9461: result: yes, source in Ipopt
configure:9482: configuring doxygen documentation options
configure:9489: checking for doxygen
configure:9505: found /usr/bin/doxygen
configure:9516: result: yes
configure:9525: checking for latex
configure:9552: result: no
configure:9580: checking for dot
configure:9596: found /usr/bin/dot
configure:9607: result: YES
configure:9713: checking which command should be used to link input files
configure:9721: result: ln -s
configure:9967: creating ./config.status

## ---------------------- ##
## Running config.status. ##
## ---------------------- ##

This file was extended by Ipopt config.status 3.12.11, which was
generated by GNU Autoconf 2.59.  Invocation command line was

  CONFIG_FILES    = 
  CONFIG_HEADERS  = 
  CONFIG_LINKS    = 
  CONFIG_COMMANDS = 
  $ ./config.status 

on Peng-Workstation

config.status:749: creating Makefile
config.status:749: creating doxydoc/doxygen.conf
config.status:932: executing depfiles commands
configure:11128: configuring in ThirdParty/ASL
configure:11245: running /bin/bash './configure' --prefix=/usr/local  '--prefix=/usr/local' 'coin_skip_warn_cxxflags=yes' '--with-blas=/usr/local/lib/libcoinblas.a -lgfortran' '--with-lapack=/usr/local/lib/libcoinlapack.a' --cache-file=/dev/null --srcdir=.
configure:11128: configuring in ThirdParty/Mumps
configure:11245: running /bin/bash './configure' --prefix=/usr/local  '--prefix=/usr/local' 'coin_skip_warn_cxxflags=yes' '--with-blas=/usr/local/lib/libcoinblas.a -lgfortran' '--with-lapack=/usr/local/lib/libcoinlapack.a' --cache-file=/dev/null --srcdir=.
configure:11128: configuring in Ipopt
configure:11245: running /bin/bash './configure' --prefix=/usr/local  '--prefix=/usr/local' 'coin_skip_warn_cxxflags=yes' '--with-blas=/usr/local/lib/libcoinblas.a -lgfortran' '--with-lapack=/usr/local/lib/libcoinlapack.a' --cache-file=/dev/null --srcdir=.
configure:11314: In case of trouble, first consult the troubleshooting page at https://projects.coin-or.org/BuildTools/wiki/user-troubleshooting
configure:11320: Main configuration of Ipopt successful

## ---------------- ##
## Cache variables. ##
## ---------------- ##

ac_cv_build=x86_64-unknown-linux-gnu
ac_cv_build_alias=x86_64-unknown-linux-gnu
ac_cv_c_compiler_gnu=yes
ac_cv_cxx_compiler_gnu=yes
ac_cv_env_ADD_CFLAGS_set=
ac_cv_env_ADD_CFLAGS_value=
ac_cv_env_ADD_CXXFLAGS_set=
ac_cv_env_ADD_CXXFLAGS_value=
ac_cv_env_ADD_FFLAGS_set=
ac_cv_env_ADD_FFLAGS_value=
ac_cv_env_CC_set=
ac_cv_env_CC_value=
ac_cv_env_CDEFS_set=
ac_cv_env_CDEFS_value=
ac_cv_env_CFLAGS_set=
ac_cv_env_CFLAGS_value=
ac_cv_env_COIN_SKIP_PROJECTS_set=
ac_cv_env_COIN_SKIP_PROJECTS_value=
ac_cv_env_CPPFLAGS_set=
ac_cv_env_CPPFLAGS_value=
ac_cv_env_CPP_set=
ac_cv_env_CPP_value=
ac_cv_env_CXXCPP_set=
ac_cv_env_CXXCPP_value=
ac_cv_env_CXXDEFS_set=
ac_cv_env_CXXDEFS_value=
ac_cv_env_CXXFLAGS_set=
ac_cv_env_CXXFLAGS_value=
ac_cv_env_CXX_set=
ac_cv_env_CXX_value=
ac_cv_env_DBG_CFLAGS_set=
ac_cv_env_DBG_CFLAGS_value=
ac_cv_env_DBG_CXXFLAGS_set=
ac_cv_env_DBG_CXXFLAGS_value=
ac_cv_env_DBG_FFLAGS_set=
ac_cv_env_DBG_FFLAGS_value=
ac_cv_env_F77_set=
ac_cv_env_F77_value=
ac_cv_env_FFLAGS_set=
ac_cv_env_FFLAGS_value=
ac_cv_env_LDFLAGS_set=
ac_cv_env_LDFLAGS_value=
ac_cv_env_MPICC_set=
ac_cv_env_MPICC_value=
ac_cv_env_MPICXX_set=
ac_cv_env_MPICXX_value=
ac_cv_env_MPIF77_set=
ac_cv_env_MPIF77_value=
ac_cv_env_OPT_CFLAGS_set=
ac_cv_env_OPT_CFLAGS_value=
ac_cv_env_OPT_CXXFLAGS_set=
ac_cv_env_OPT_CXXFLAGS_value=
ac_cv_env_OPT_FFLAGS_set=
ac_cv_env_OPT_FFLAGS_value=
ac_cv_env_build_alias_set=
ac_cv_env_build_alias_value=
ac_cv_env_host_alias_set=
ac_cv_env_host_alias_value=
ac_cv_env_target_alias_set=
ac_cv_env_target_alias_value=
ac_cv_exeext=
ac_cv_f77_compiler_gnu=yes
ac_cv_header_dlfcn_h=yes
ac_cv_header_inttypes_h=yes
ac_cv_header_memory_h=yes
ac_cv_header_stdc=yes
ac_cv_header_stdint_h=yes
ac_cv_header_stdlib_h=yes
ac_cv_header_string_h=yes
ac_cv_header_strings_h=yes
ac_cv_header_sys_stat_h=yes
ac_cv_header_sys_types_h=yes
ac_cv_header_unistd_h=yes
ac_cv_host=x86_64-unknown-linux-gnu
ac_cv_host_alias=x86_64-unknown-linux-gnu
ac_cv_objext=o
ac_cv_path_install='/usr/bin/install -c'
ac_cv_prog_AWK=mawk
ac_cv_prog_CPP='gcc -E'
ac_cv_prog_CXXCPP='g++ -E'
ac_cv_prog_ac_ct_AR=ar
ac_cv_prog_ac_ct_CC=gcc
ac_cv_prog_ac_ct_CXX=g++
ac_cv_prog_ac_ct_F77=gfortran
ac_cv_prog_ac_ct_RANLIB=ranlib
ac_cv_prog_ac_ct_STRIP=strip
ac_cv_prog_cc_g=yes
ac_cv_prog_cc_stdc=
ac_cv_prog_coin_doxy_usedot=YES
ac_cv_prog_coin_have_doxygen=yes
ac_cv_prog_coin_have_latex=no
ac_cv_prog_cxx_g=yes
ac_cv_prog_egrep='grep -E'
ac_cv_prog_f77_g=yes
ac_cv_prog_make_make_set=yes
am_cv_CC_dependencies_compiler_type=gcc3
am_cv_CXX_dependencies_compiler_type=gcc3
lt_cv_deplibs_check_method=pass_all
lt_cv_file_magic_cmd='$MAGIC_CMD'
lt_cv_file_magic_test_file=
lt_cv_ld_reload_flag=-r
lt_cv_objdir=.libs
lt_cv_path_LD=/usr/bin/ld
lt_cv_path_LDCXX='/usr/bin/ld -m elf_x86_64'
lt_cv_path_NM='/usr/bin/nm -B'
lt_cv_path_SED=/usr/bin/sed
lt_cv_prog_compiler_c_o=yes
lt_cv_prog_compiler_c_o_CXX=yes
lt_cv_prog_compiler_c_o_F77=yes
lt_cv_prog_compiler_rtti_exceptions=no
lt_cv_prog_gnu_ld=yes
lt_cv_prog_gnu_ldcxx=yes
lt_cv_sys_global_symbol_pipe='sed -n -e '\''s/^.*[ 	]\([ABCDGIRSTW][ABCDGIRSTW]*\)[ 	][ 	]*\([_A-Za-z][_A-Za-z0-9]*\)$/\1 \2 \2/p'\'''
lt_cv_sys_global_symbol_to_c_name_address='sed -n -e '\''s/^: \([^ ]*\) $/  {\"\1\", (lt_ptr) 0},/p'\'' -e '\''s/^[BCDEGRST] \([^ ]*\) \([^ ]*\)$/  {"\2", (lt_ptr) \&\2},/p'\'''
lt_cv_sys_global_symbol_to_cdecl='sed -n -e '\''s/^. .* \(.*\)$/extern int \1;/p'\'''
lt_cv_sys_max_cmd_len=32768
lt_lt_cv_prog_compiler_c_o='"yes"'
lt_lt_cv_prog_compiler_c_o_CXX='"yes"'
lt_lt_cv_prog_compiler_c_o_F77='"yes"'
lt_lt_cv_sys_global_symbol_pipe='"sed -n -e '\''s/^.*[ 	]\\([ABCDGIRSTW][ABCDGIRSTW]*\\)[ 	][ 	]*\\([_A-Za-z][_A-Za-z0-9]*\\)\$/\\1 \\2 \\2/p'\''"'
lt_lt_cv_sys_global_symbol_to_c_name_address='"sed -n -e '\''s/^: \\([^ ]*\\) \$/  {\\\"\\1\\\", (lt_ptr) 0},/p'\'' -e '\''s/^[BCDEGRST] \\([^ ]*\\) \\([^ ]*\\)\$/  {\"\\2\", (lt_ptr) \\&\\2},/p'\''"'
lt_lt_cv_sys_global_symbol_to_cdecl='"sed -n -e '\''s/^. .* \\(.*\\)\$/extern int \\1;/p'\''"'

## ----------------- ##
## Output variables. ##
## ----------------- ##

ABSBUILDDIR=''
ACLOCAL='${SHELL} /home/peng/workspaces/casper-auto/CasperAuto/src/planning/speed_profile_planner/Ipopt-3.12.11/missing --run aclocal-1.9'
ADD_CFLAGS=''
ADD_CXXFLAGS=''
ADD_FFLAGS=''
AMDEPBACKSLASH='\'
AMDEP_FALSE='#'
AMDEP_TRUE=''
AMTAR='${SHELL} /home/peng/workspaces/casper-auto/CasperAuto/src/planning/speed_profile_planner/Ipopt-3.12.11/missing --run tar'
AR='ar'
AUTOCONF='${SHELL} /home/peng/workspaces/casper-auto/CasperAuto/src/planning/speed_profile_planner/Ipopt-3.12.11/missing --run autoconf'
AUTOHEADER='${SHELL} /home/peng/workspaces/casper-auto/CasperAuto/src/planning/speed_profile_planner/Ipopt-3.12.11/missing --run autoheader'
AUTOMAKE='${SHELL} /home/peng/workspaces/casper-auto/CasperAuto/src/planning/speed_profile_planner/Ipopt-3.12.11/missing --run automake-1.9'
AUX_DIR=''
AWK='mawk'
BUILDTOOLSDIR=''
CC='gcc'
CCDEPMODE='depmode=gcc3'
CDEFS=''
CFLAGS='-O3 -pipe -DNDEBUG -Wimplicit -Wparentheses -Wsequence-point -Wreturn-type -Wcast-qual -Wall -Wno-unknown-pragmas -Wno-long-long  '
COIN_CC_IS_CL_FALSE=''
COIN_CC_IS_CL_TRUE='#'
COIN_CXX_IS_CL_FALSE=''
COIN_CXX_IS_CL_TRUE='#'
COIN_HAS_DOXYGEN_FALSE='#'
COIN_HAS_DOXYGEN_TRUE=''
COIN_HAS_LATEX_FALSE=''
COIN_HAS_LATEX_TRUE='#'
COIN_SKIP_PROJECTS=''
CPP='gcc -E'
CPPFLAGS=''
CXX='g++'
CXXCPP='g++ -E'
CXXDEFS=''
CXXDEPMODE='depmode=gcc3'
CXXFLAGS='-O3 -pipe -DNDEBUG   '
CYGPATH_W='echo'
DBG_CFLAGS='-g -O0 -pipe -Wimplicit -Wparentheses -Wsequence-point -Wreturn-type -Wcast-qual -Wall -Wno-unknown-pragmas -Wno-long-long  '
DBG_CXXFLAGS='-g -O0 -pipe   '
DBG_FFLAGS='-g -O0 -pipe  '
DEFS='-DPACKAGE_NAME=\"Ipopt\" -DPACKAGE_TARNAME=\"ipopt\" -DPACKAGE_VERSION=\"3.12.11\" -DPACKAGE_STRING=\"Ipopt\ 3.12.11\" -DPACKAGE_BUGREPORT=\"http://projects.coin-or.org/Ipopt/newticket\" -DPACKAGE=\"ipopt\" -DVERSION=\"3.12.11\" -DSTDC_HEADERS=1 -DHAVE_SYS_TYPES_H=1 -DHAVE_SYS_STAT_H=1 -DHAVE_STDLIB_H=1 -DHAVE_STRING_H=1 -DHAVE_MEMORY_H=1 -DHAVE_STRINGS_H=1 -DHAVE_INTTYPES_H=1 -DHAVE_STDINT_H=1 -DHAVE_UNISTD_H=1 -DHAVE_DLFCN_H=1 '
DEPDIR='.deps'
DEPENDENCY_LINKING_FALSE='#'
DEPENDENCY_LINKING_TRUE=''
ECHO='echo'
ECHO_C=''
ECHO_N='-n'
ECHO_T=''
EGREP='grep -E'
EXEEXT=''
F77='gfortran'
FFLAGS='-O3 -pipe  '
HAVE_EXTERNALS_FALSE=''
HAVE_EXTERNALS_TRUE='#'
INSTALL_DATA='${INSTALL} -m 644'
INSTALL_PROGRAM='${INSTALL}'
INSTALL_SCRIPT='${INSTALL}'
INSTALL_STRIP_PROGRAM='${SHELL} $(install_sh) -c -s'
LDFLAGS=''
LIBEXT='a'
LIBOBJS=''
LIBS=''
LIBTOOL='$(SHELL) $(top_builddir)/libtool'
LIBTOOLM4=''
LN_S='ln -s'
LTLIBOBJS=''
LT_LDFLAGS='-no-undefined'
MAINT='#'
MAINTAINER_MODE_FALSE=''
MAINTAINER_MODE_TRUE='#'
MAKEINFO='${SHELL} /home/peng/workspaces/casper-auto/CasperAuto/src/planning/speed_profile_planner/Ipopt-3.12.11/missing --run makeinfo'
MPICC=''
MPICXX=''
MPIF77=''
OBJEXT='o'
OPT_CFLAGS='-O3 -pipe -DNDEBUG -Wimplicit -Wparentheses -Wsequence-point -Wreturn-type -Wcast-qual -Wall -Wno-unknown-pragmas -Wno-long-long  '
OPT_CXXFLAGS='-O3 -pipe -DNDEBUG   '
OPT_FFLAGS='-O3 -pipe  '
PACKAGE='ipopt'
PACKAGE_BUGREPORT='http://projects.coin-or.org/Ipopt/newticket'
PACKAGE_NAME='Ipopt'
PACKAGE_STRING='Ipopt 3.12.11'
PACKAGE_TARNAME='ipopt'
PACKAGE_VERSION='3.12.11'
PATH_SEPARATOR=':'
RANLIB='ranlib'
RPATH_FLAGS=' -Wl,--rpath -Wl,/usr/local/lib'
SET_MAKE=''
SHELL='/bin/bash'
STRIP='strip'
VERSION='3.12.11'
VPATH_DISTCLEANFILES=''
abs_bin_dir='/usr/local/bin'
abs_include_dir='/usr/local/include'
abs_lib_dir='/usr/local/lib'
abs_source_dir='/home/peng/workspaces/casper-auto/CasperAuto/src/planning/speed_profile_planner/Ipopt-3.12.11'
ac_c_preproc_warn_flag=''
ac_ct_AR='ar'
ac_ct_CC='gcc'
ac_ct_CXX='g++'
ac_ct_F77='gfortran'
ac_ct_RANLIB='ranlib'
ac_ct_STRIP='strip'
ac_cxx_preproc_warn_flag=''
am__fastdepCC_FALSE='#'
am__fastdepCC_TRUE=''
am__fastdepCXX_FALSE='#'
am__fastdepCXX_TRUE=''
am__include='include'
am__leading_dot='.'
am__quote=''
am__tar='${AMTAR} chof - "$$tardir"'
am__untar='${AMTAR} xf -'
bindir='${exec_prefix}/bin'
build='x86_64-unknown-linux-gnu'
build_alias=''
build_cpu='x86_64'
build_os='linux-gnu'
build_vendor='unknown'
coin_doxy_excludes=''
coin_doxy_logname='doxydoc/ipopt_doxy.log'
coin_doxy_tagfiles=''
coin_doxy_tagname='doxydoc/ipopt_doxy.tag'
coin_doxy_usedot='YES'
coin_have_doxygen='yes'
coin_have_latex='no'
datadir='${prefix}/share'
exec_prefix='${prefix}'
have_autoconf=''
have_automake=''
have_svn=''
host='x86_64-unknown-linux-gnu'
host_alias=''
host_cpu='x86_64'
host_os='linux-gnu'
host_vendor='unknown'
includedir='${prefix}/include'
infodir='${prefix}/info'
install_sh='/home/peng/workspaces/casper-auto/CasperAuto/src/planning/speed_profile_planner/Ipopt-3.12.11/install-sh'
libdir='${exec_prefix}/lib'
libexecdir='${exec_prefix}/libexec'
localstatedir='${prefix}/var'
mandir='${prefix}/man'
mkdir_p='mkdir -p --'
oldincludedir='/usr/include'
prefix='/usr/local'
program_transform_name='s,x,x,'
sbindir='${exec_prefix}/sbin'
sharedstatedir='${prefix}/com'
sol_cc_compiler=''
subdirs=' ThirdParty/ASL ThirdParty/Mumps Ipopt'
sysconfdir='${prefix}/etc'
target_alias=''

## ----------- ##
## confdefs.h. ##
## ----------- ##

#define HAVE_DLFCN_H 1
#define HAVE_INTTYPES_H 1
#define HAVE_MEMORY_H 1
#define HAVE_STDINT_H 1
#define HAVE_STDLIB_H 1
#define HAVE_STRINGS_H 1
#define HAVE_STRING_H 1
#define HAVE_SYS_STAT_H 1
#define HAVE_SYS_TYPES_H 1
#define HAVE_UNISTD_H 1
#define PACKAGE "ipopt"
#define PACKAGE_BUGREPORT "http://projects.coin-or.org/Ipopt/newticket"
#define PACKAGE_NAME "Ipopt"
#define PACKAGE_STRING "Ipopt 3.12.11"
#define PACKAGE_TARNAME "ipopt"
#define PACKAGE_VERSION "3.12.11"
#define STDC_HEADERS 1
#define VERSION "3.12.11"
#endif
#ifdef __cplusplus
extern "C" void std::exit (int) throw (); using std::exit;

configure: exit 0
