This file contains any messages produced by compilers while
running configure, to aid debugging if configure makes a mistake.

It was created by Ipopt configure 3.12.11, which was
generated by GNU Autoconf 2.59.  Invocation command line was

  $ ./configure --prefix=/usr/local --prefix=/usr/local coin_skip_warn_cxxflags=yes --with-blas=/usr/local/lib/libcoinblas.a -lgfortran --with-lapack=/usr/local/lib/libcoinlapack.a --cache-file=/dev/null --srcdir=.

## --------- ##
## Platform. ##
## --------- ##

hostname = Peng-Workstation
uname -m = x86_64
uname -r = 5.13.0-37-generic
uname -s = Linux
uname -v = #42~20.04.1-Ubuntu SMP Tue Mar 15 15:44:28 UTC 2022

/usr/bin/uname -p = x86_64
/bin/uname -X     = unknown

/bin/arch              = x86_64
/usr/bin/arch -k       = unknown
/usr/convex/getsysinfo = unknown
hostinfo               = unknown
/bin/machine           = unknown
/usr/bin/oslevel       = unknown
/bin/universe          = unknown

PATH: /hdd/datasets/waymo/google-cloud-sdk/bin
PATH: /usr/local/cuda-11.5/bin
PATH: /home/peng/anaconda3/condabin
PATH: /home/peng/.local/bin
PATH: /usr/local/sbin
PATH: /usr/local/bin
PATH: /usr/sbin
PATH: /usr/bin
PATH: /sbin
PATH: /bin
PATH: /usr/games
PATH: /usr/local/games
PATH: /snap/bin
PATH: /usr/local/cuda/bin


## ----------- ##
## Core tests. ##
## ----------- ##

configure:1713: checking build system type
configure:1731: result: x86_64-unknown-linux-gnu
configure:1804: checking for svnversion
configure:1820: found /usr/bin/svnversion
configure:1831: result: yes
configure:1861: checking whether we want to compile in debug mode
configure:1907: result: no
configure:1964: checking for egrep
configure:1974: result: grep -E
configure:1979: checking whether ln -s works
configure:1983: result: yes
configure:2199: checking for gcc
configure:2215: found /usr/bin/gcc
configure:2225: result: gcc
configure:2246: checking for C compiler version
configure:2249: gcc --version </dev/null >&5
gcc (Ubuntu 9.4.0-1ubuntu1~20.04.1) 9.4.0
Copyright (C) 2019 Free Software Foundation, Inc.
This is free software; see the source for copying conditions.  There is NO
warranty; not even for MERCHANTABILITY or FITNESS FOR A PARTICULAR PURPOSE.

configure:2252: $? = 0
configure:2254: gcc -v </dev/null >&5
Using built-in specs.
COLLECT_GCC=gcc
COLLECT_LTO_WRAPPER=/usr/lib/gcc/x86_64-linux-gnu/9/lto-wrapper
OFFLOAD_TARGET_NAMES=nvptx-none:hsa
OFFLOAD_TARGET_DEFAULT=1
Target: x86_64-linux-gnu
Configured with: ../src/configure -v --with-pkgversion='Ubuntu 9.4.0-1ubuntu1~20.04.1' --with-bugurl=file:///usr/share/doc/gcc-9/README.Bugs --enable-languages=c,ada,c++,go,brig,d,fortran,objc,obj-c++,gm2 --prefix=/usr --with-gcc-major-version-only --program-suffix=-9 --program-prefix=x86_64-linux-gnu- --enable-shared --enable-linker-build-id --libexecdir=/usr/lib --without-included-gettext --enable-threads=posix --libdir=/usr/lib --enable-nls --enable-clocale=gnu --enable-libstdcxx-debug --enable-libstdcxx-time=yes --with-default-libstdcxx-abi=new --enable-gnu-unique-object --disable-vtable-verify --enable-plugin --enable-default-pie --with-system-zlib --with-target-system-zlib=auto --enable-objc-gc=auto --enable-multiarch --disable-werror --with-arch-32=i686 --with-abi=m64 --with-multilib-list=m32,m64,mx32 --enable-multilib --with-tune=generic --enable-offload-targets=nvptx-none=/build/gcc-9-Av3uEd/gcc-9-9.4.0/debian/tmp-nvptx/usr,hsa --without-cuda-driver --enable-checking=release --build=x86_64-linux-gnu --host=x86_64-linux-gnu --target=x86_64-linux-gnu
Thread model: posix
gcc version 9.4.0 (Ubuntu 9.4.0-1ubuntu1~20.04.1) 
configure:2257: $? = 0
configure:2259: gcc -V </dev/null >&5
gcc: error: unrecognized command line option '-V'
gcc: fatal error: no input files
compilation terminated.
configure:2262: $? = 1
configure:2285: checking for C compiler default output file name
configure:2288: gcc    conftest.c  >&5
configure:2291: $? = 0
configure:2337: result: a.out
configure:2342: checking whether the C compiler works
configure:2348: ./a.out
configure:2351: $? = 0
configure:2368: result: yes
configure:2375: checking whether we are cross compiling
configure:2377: result: no
configure:2380: checking for suffix of executables
configure:2382: gcc -o conftest    conftest.c  >&5
configure:2385: $? = 0
configure:2410: result: 
configure:2416: checking for suffix of object files
configure:2437: gcc -c   conftest.c >&5
configure:2440: $? = 0
configure:2462: result: o
configure:2466: checking whether we are using the GNU C compiler
configure:2490: gcc -c   conftest.c >&5
configure:2496: $? = 0
configure:2500: test -z 
			 || test ! -s conftest.err
configure:2503: $? = 0
configure:2506: test -s conftest.o
configure:2509: $? = 0
configure:2522: result: yes
configure:2528: checking whether gcc accepts -g
configure:2549: gcc -c -g  conftest.c >&5
configure:2555: $? = 0
configure:2559: test -z 
			 || test ! -s conftest.err
configure:2562: $? = 0
configure:2565: test -s conftest.o
configure:2568: $? = 0
configure:2579: result: yes
configure:2596: checking for gcc option to accept ANSI C
configure:2666: gcc  -c -g -O2  conftest.c >&5
configure:2672: $? = 0
configure:2676: test -z 
			 || test ! -s conftest.err
configure:2679: $? = 0
configure:2682: test -s conftest.o
configure:2685: $? = 0
configure:2703: result: none needed
configure:2721: gcc -c -g -O2  conftest.c >&5
conftest.c:2:3: error: unknown type name 'choke'
    2 |   choke me
      |   ^~~~~
conftest.c:2:3: error: expected '=', ',', ';', 'asm' or '__attribute__' at end of input
configure:2727: $? = 1
configure: failed program was:
| #ifndef __cplusplus
|   choke me
| #endif
configure:3148: gcc -o conftest -O3 -pipe -DNDEBUG -Wimplicit -Wparentheses -Wsequence-point -Wreturn-type -Wcast-qual -Wall -Wno-unknown-pragmas -Wno-long-long   -DIPOPT_BUILD   conftest.c  >&5
configure:3154: $? = 0
configure:3158: test -z 
			 || test ! -s conftest.err
configure:3161: $? = 0
configure:3164: test -s conftest
configure:3167: $? = 0
configure:3234: C compiler options are: -O3 -pipe -DNDEBUG -Wimplicit -Wparentheses -Wsequence-point -Wreturn-type -Wcast-qual -Wall -Wno-unknown-pragmas -Wno-long-long   -DIPOPT_BUILD
configure:3351: checking for g++
configure:3367: found /usr/bin/g++
configure:3377: result: g++
configure:3393: checking for C++ compiler version
configure:3396: g++ --version </dev/null >&5
g++ (Ubuntu 9.4.0-1ubuntu1~20.04.1) 9.4.0
Copyright (C) 2019 Free Software Foundation, Inc.
This is free software; see the source for copying conditions.  There is NO
warranty; not even for MERCHANTABILITY or FITNESS FOR A PARTICULAR PURPOSE.

configure:3399: $? = 0
configure:3401: g++ -v </dev/null >&5
Using built-in specs.
COLLECT_GCC=g++
COLLECT_LTO_WRAPPER=/usr/lib/gcc/x86_64-linux-gnu/9/lto-wrapper
OFFLOAD_TARGET_NAMES=nvptx-none:hsa
OFFLOAD_TARGET_DEFAULT=1
Target: x86_64-linux-gnu
Configured with: ../src/configure -v --with-pkgversion='Ubuntu 9.4.0-1ubuntu1~20.04.1' --with-bugurl=file:///usr/share/doc/gcc-9/README.Bugs --enable-languages=c,ada,c++,go,brig,d,fortran,objc,obj-c++,gm2 --prefix=/usr --with-gcc-major-version-only --program-suffix=-9 --program-prefix=x86_64-linux-gnu- --enable-shared --enable-linker-build-id --libexecdir=/usr/lib --without-included-gettext --enable-threads=posix --libdir=/usr/lib --enable-nls --enable-clocale=gnu --enable-libstdcxx-debug --enable-libstdcxx-time=yes --with-default-libstdcxx-abi=new --enable-gnu-unique-object --disable-vtable-verify --enable-plugin --enable-default-pie --with-system-zlib --with-target-system-zlib=auto --enable-objc-gc=auto --enable-multiarch --disable-werror --with-arch-32=i686 --with-abi=m64 --with-multilib-list=m32,m64,mx32 --enable-multilib --with-tune=generic --enable-offload-targets=nvptx-none=/build/gcc-9-Av3uEd/gcc-9-9.4.0/debian/tmp-nvptx/usr,hsa --without-cuda-driver --enable-checking=release --build=x86_64-linux-gnu --host=x86_64-linux-gnu --target=x86_64-linux-gnu
Thread model: posix
gcc version 9.4.0 (Ubuntu 9.4.0-1ubuntu1~20.04.1) 
configure:3404: $? = 0
configure:3406: g++ -V </dev/null >&5
g++: error: unrecognized command line option '-V'
g++: fatal error: no input files
compilation terminated.
configure:3409: $? = 1
configure:3412: checking whether we are using the GNU C++ compiler
configure:3436: g++ -c   conftest.cc >&5
configure:3442: $? = 0
configure:3446: test -z 
			 || test ! -s conftest.err
configure:3449: $? = 0
configure:3452: test -s conftest.o
configure:3455: $? = 0
configure:3468: result: yes
configure:3474: checking whether g++ accepts -g
configure:3495: g++ -c -g  conftest.cc >&5
configure:3501: $? = 0
configure:3505: test -z 
			 || test ! -s conftest.err
configure:3508: $? = 0
configure:3511: test -s conftest.o
configure:3514: $? = 0
configure:3525: result: yes
configure:3567: g++ -c -g -O2  conftest.cc >&5
configure:3573: $? = 0
configure:3577: test -z 
			 || test ! -s conftest.err
configure:3580: $? = 0
configure:3583: test -s conftest.o
configure:3586: $? = 0
configure:3612: g++ -c -g -O2  conftest.cc >&5
conftest.cc: In function 'int main()':
conftest.cc:19:1: error: 'exit' was not declared in this scope
   19 | exit (42);
      | ^~~~
configure:3618: $? = 1
configure: failed program was:
| /* confdefs.h.  */
| 
| #define PACKAGE_NAME "Ipopt"
| #define PACKAGE_TARNAME "ipopt"
| #define PACKAGE_VERSION "3.12.11"
| #define PACKAGE_STRING "Ipopt 3.12.11"
| #define PACKAGE_BUGREPORT "http://projects.coin-or.org/Ipopt/newticket"
| #define IPOPT_VERSION "3.12.11"
| #define IPOPT_VERSION_MAJOR 3
| #define IPOPT_VERSION_MINOR 12
| #define IPOPT_VERSION_RELEASE 11
| #define COIN_IPOPT_VERBOSITY 0
| #define COIN_IPOPT_CHECKLEVEL 0
| /* end confdefs.h.  */
| 
| int
| main ()
| {
| exit (42);
|   ;
|   return 0;
| }
configure:3567: g++ -c -g -O2  conftest.cc >&5
configure:3573: $? = 0
configure:3577: test -z 
			 || test ! -s conftest.err
configure:3580: $? = 0
configure:3583: test -s conftest.o
configure:3586: $? = 0
configure:3612: g++ -c -g -O2  conftest.cc >&5
configure:3618: $? = 0
configure:3622: test -z 
			 || test ! -s conftest.err
configure:3625: $? = 0
configure:3628: test -s conftest.o
configure:3631: $? = 0
configure:3663: checking whether C++ compiler g++ works
configure:3681: g++ -c -g -O2  conftest.cc >&5
configure:3687: $? = 0
configure:3691: test -z 
			 || test ! -s conftest.err
configure:3694: $? = 0
configure:3697: test -s conftest.o
configure:3700: $? = 0
configure:3702: result: yes
configure:4023: g++ -o conftest -O3 -pipe -DNDEBUG    -DIPOPT_BUILD   conftest.cc  >&5
configure:4029: $? = 0
configure:4033: test -z 
			 || test ! -s conftest.err
configure:4036: $? = 0
configure:4039: test -s conftest
configure:4042: $? = 0
configure:4109: C++ compiler options are: -O3 -pipe -DNDEBUG    -DIPOPT_BUILD
configure:4174: g++ -c -O3 -pipe -DNDEBUG    -DIPOPT_BUILD  conftest.cc >&5
conftest.cc: In function 'int main()':
conftest.cc:24:8: error: 'choke' was not declared in this scope
   24 |        choke me
      |        ^~~~~
configure:4180: $? = 1
configure: failed program was:
| /* confdefs.h.  */
| 
| #define PACKAGE_NAME "Ipopt"
| #define PACKAGE_TARNAME "ipopt"
| #define PACKAGE_VERSION "3.12.11"
| #define PACKAGE_STRING "Ipopt 3.12.11"
| #define PACKAGE_BUGREPORT "http://projects.coin-or.org/Ipopt/newticket"
| #define IPOPT_VERSION "3.12.11"
| #define IPOPT_VERSION_MAJOR 3
| #define IPOPT_VERSION_MINOR 12
| #define IPOPT_VERSION_RELEASE 11
| #define COIN_IPOPT_VERBOSITY 0
| #define COIN_IPOPT_CHECKLEVEL 0
| #ifdef __cplusplus
| extern "C" void std::exit (int) throw (); using std::exit;
| #endif
| /* end confdefs.h.  */
| #include <ciso646>
| int
| main ()
| {
| 
| #ifndef _LIBCPP_VERSION
|        choke me
| #endif
| 
|   ;
|   return 0;
| }
configure:4237: Assuming that CXXLIBS is "-lstdc++ -lm".
configure:4296: Trying to determine Fortran compiler name
configure:4345: checking for gfortran
configure:4361: found /usr/bin/gfortran
configure:4371: result: gfortran
configure:4481: checking for Fortran 77 compiler version
configure:4482: gfortran --version </dev/null >&5
GNU Fortran (Ubuntu 9.4.0-1ubuntu1~20.04.1) 9.4.0
Copyright (C) 2019 Free Software Foundation, Inc.
This is free software; see the source for copying conditions.  There is NO
warranty; not even for MERCHANTABILITY or FITNESS FOR A PARTICULAR PURPOSE.

configure:4485: $? = 0
configure:4487: gfortran -v </dev/null >&5
Using built-in specs.
COLLECT_GCC=gfortran
COLLECT_LTO_WRAPPER=/usr/lib/gcc/x86_64-linux-gnu/9/lto-wrapper
OFFLOAD_TARGET_NAMES=nvptx-none:hsa
OFFLOAD_TARGET_DEFAULT=1
Target: x86_64-linux-gnu
Configured with: ../src/configure -v --with-pkgversion='Ubuntu 9.4.0-1ubuntu1~20.04.1' --with-bugurl=file:///usr/share/doc/gcc-9/README.Bugs --enable-languages=c,ada,c++,go,brig,d,fortran,objc,obj-c++,gm2 --prefix=/usr --with-gcc-major-version-only --program-suffix=-9 --program-prefix=x86_64-linux-gnu- --enable-shared --enable-linker-build-id --libexecdir=/usr/lib --without-included-gettext --enable-threads=posix --libdir=/usr/lib --enable-nls --enable-clocale=gnu --enable-libstdcxx-debug --enable-libstdcxx-time=yes --with-default-libstdcxx-abi=new --enable-gnu-unique-object --disable-vtable-verify --enable-plugin --enable-default-pie --with-system-zlib --with-target-system-zlib=auto --enable-objc-gc=auto --enable-multiarch --disable-werror --with-arch-32=i686 --with-abi=m64 --with-multilib-list=m32,m64,mx32 --enable-multilib --with-tune=generic --enable-offload-targets=nvptx-none=/build/gcc-9-Av3uEd/gcc-9-9.4.0/debian/tmp-nvptx/usr,hsa --without-cuda-driver --enable-checking=release --build=x86_64-linux-gnu --host=x86_64-linux-gnu --target=x86_64-linux-gnu
Thread model: posix
gcc version 9.4.0 (Ubuntu 9.4.0-1ubuntu1~20.04.1) 
configure:4490: $? = 0
configure:4492: gfortran -V </dev/null >&5
gfortran: error: unrecognized command line option '-V'
gfortran: fatal error: no input files
compilation terminated.
configure:4495: $? = 1
configure:4503: checking whether we are using the GNU Fortran 77 compiler
configure:4517: gfortran -c  conftest.F >&5
configure:4523: $? = 0
configure:4527: test -z 
			 || test ! -s conftest.err
configure:4530: $? = 0
configure:4533: test -s conftest.o
configure:4536: $? = 0
configure:4549: result: yes
configure:4555: checking whether gfortran accepts -g
configure:4567: gfortran -c -g conftest.f >&5
configure:4573: $? = 0
configure:4577: test -z 
			 || test ! -s conftest.err
configure:4580: $? = 0
configure:4583: test -s conftest.o
configure:4586: $? = 0
configure:4598: result: yes
configure:4704: gfortran -o conftest -O3 -pipe    conftest.f  >&5
configure:4710: $? = 0
configure:4714: test -z 
			 || test ! -s conftest.err
configure:4717: $? = 0
configure:4720: test -s conftest
configure:4723: $? = 0
configure:4781: Fortran compiler options are: -O3 -pipe  
configure:4828: checking how to get verbose linking output from gfortran
configure:4839: gfortran -c -O3 -pipe   conftest.f >&5
configure:4845: $? = 0
configure:4849: test -z 
			 || test ! -s conftest.err
configure:4852: $? = 0
configure:4855: test -s conftest.o
configure:4858: $? = 0
configure:5006: gfortran -o conftest -O3 -pipe   -v  conftest.f  >&5
Using built-in specs.
COLLECT_GCC=gfortran
COLLECT_LTO_WRAPPER=/usr/lib/gcc/x86_64-linux-gnu/9/lto-wrapper
OFFLOAD_TARGET_NAMES=nvptx-none:hsa
OFFLOAD_TARGET_DEFAULT=1
Target: x86_64-linux-gnu
Configured with: ../src/configure -v --with-pkgversion='Ubuntu 9.4.0-1ubuntu1~20.04.1' --with-bugurl=file:///usr/share/doc/gcc-9/README.Bugs --enable-languages=c,ada,c++,go,brig,d,fortran,objc,obj-c++,gm2 --prefix=/usr --with-gcc-major-version-only --program-suffix=-9 --program-prefix=x86_64-linux-gnu- --enable-shared --enable-linker-build-id --libexecdir=/usr/lib --without-included-gettext --enable-threads=posix --libdir=/usr/lib --enable-nls --enable-clocale=gnu --enable-libstdcxx-debug --enable-libstdcxx-time=yes --with-default-libstdcxx-abi=new --enable-gnu-unique-object --disable-vtable-verify --enable-plugin --enable-default-pie --with-system-zlib --with-target-system-zlib=auto --enable-objc-gc=auto --enable-multiarch --disable-werror --with-arch-32=i686 --with-abi=m64 --with-multilib-list=m32,m64,mx32 --enable-multilib --with-tune=generic --enable-offload-targets=nvptx-none=/build/gcc-9-Av3uEd/gcc-9-9.4.0/debian/tmp-nvptx/usr,hsa --without-cuda-driver --enable-checking=release --build=x86_64-linux-gnu --host=x86_64-linux-gnu --target=x86_64-linux-gnu
Thread model: posix
gcc version 9.4.0 (Ubuntu 9.4.0-1ubuntu1~20.04.1) 
COLLECT_GCC_OPTIONS='-o' 'conftest' '-O3' '-pipe' '-v' '-shared-libgcc' '-mtune=generic' '-march=x86-64'
 /usr/lib/gcc/x86_64-linux-gnu/9/f951 conftest.f -ffixed-form -quiet -dumpbase conftest.f -mtune=generic -march=x86-64 -auxbase conftest -O3 -version -fintrinsic-modules-path /usr/lib/gcc/x86_64-linux-gnu/9/finclude -fpre-include=/usr/include/finclude/math-vector-fortran.h -o - |
 as -v --64 -o /tmp/ccTMEKlD.o
GNU assembler version 2.34 (x86_64-linux-gnu) using BFD version (GNU Binutils for Ubuntu) 2.34
GNU Fortran (Ubuntu 9.4.0-1ubuntu1~20.04.1) version 9.4.0 (x86_64-linux-gnu)
	compiled by GNU C version 9.4.0, GMP version 6.2.0, MPFR version 4.0.2, MPC version 1.1.0, isl version isl-0.22.1-GMP

GGC heuristics: --param ggc-min-expand=100 --param ggc-min-heapsize=131072
GNU Fortran2008 (Ubuntu 9.4.0-1ubuntu1~20.04.1) version 9.4.0 (x86_64-linux-gnu)
	compiled by GNU C version 9.4.0, GMP version 6.2.0, MPFR version 4.0.2, MPC version 1.1.0, isl version isl-0.22.1-GMP

GGC heuristics: --param ggc-min-expand=100 --param ggc-min-heapsize=131072
Reading specs from /usr/lib/gcc/x86_64-linux-gnu/9/libgfortran.spec
rename spec lib to liborig
COLLECT_GCC_OPTIONS='-o' 'conftest' '-O3' '-pipe' '-v' '-shared-libgcc' '-mtune=generic' '-march=x86-64'
COMPILER_PATH=/usr/lib/gcc/x86_64-linux-gnu/9/:/usr/lib/gcc/x86_64-linux-gnu/9/:/usr/lib/gcc/x86_64-linux-gnu/:/usr/lib/gcc/x86_64-linux-gnu/9/:/usr/lib/gcc/x86_64-linux-gnu/
LIBRARY_PATH=/usr/lib/gcc/x86_64-linux-gnu/9/:/usr/lib/gcc/x86_64-linux-gnu/9/../../../x86_64-linux-gnu/:/usr/lib/gcc/x86_64-linux-gnu/9/../../../../lib/:/lib/x86_64-linux-gnu/:/lib/../lib/:/usr/lib/x86_64-linux-gnu/:/usr/lib/../lib/:/usr/lib/gcc/x86_64-linux-gnu/9/../../../:/lib/:/usr/lib/
COLLECT_GCC_OPTIONS='-o' 'conftest' '-O3' '-pipe' '-v' '-shared-libgcc' '-mtune=generic' '-march=x86-64'
 /usr/lib/gcc/x86_64-linux-gnu/9/collect2 -plugin /usr/lib/gcc/x86_64-linux-gnu/9/liblto_plugin.so -plugin-opt=/usr/lib/gcc/x86_64-linux-gnu/9/lto-wrapper -plugin-opt=-fresolution=/tmp/cceq6qHE.res -plugin-opt=-pass-through=-lgcc_s -plugin-opt=-pass-through=-lgcc -plugin-opt=-pass-through=-lquadmath -plugin-opt=-pass-through=-lm -plugin-opt=-pass-through=-lgcc_s -plugin-opt=-pass-through=-lgcc -plugin-opt=-pass-through=-lc -plugin-opt=-pass-through=-lgcc_s -plugin-opt=-pass-through=-lgcc --build-id --eh-frame-hdr -m elf_x86_64 --hash-style=gnu --as-needed -dynamic-linker /lib64/ld-linux-x86-64.so.2 -pie -z now -z relro -o conftest /usr/lib/gcc/x86_64-linux-gnu/9/../../../x86_64-linux-gnu/Scrt1.o /usr/lib/gcc/x86_64-linux-gnu/9/../../../x86_64-linux-gnu/crti.o /usr/lib/gcc/x86_64-linux-gnu/9/crtbeginS.o -L/usr/lib/gcc/x86_64-linux-gnu/9 -L/usr/lib/gcc/x86_64-linux-gnu/9/../../../x86_64-linux-gnu -L/usr/lib/gcc/x86_64-linux-gnu/9/../../../../lib -L/lib/x86_64-linux-gnu -L/lib/../lib -L/usr/lib/x86_64-linux-gnu -L/usr/lib/../lib -L/usr/lib/gcc/x86_64-linux-gnu/9/../../.. /tmp/ccTMEKlD.o -lgfortran -lm -lgcc_s -lgcc -lquadmath -lm -lgcc_s -lgcc -lc -lgcc_s -lgcc /usr/lib/gcc/x86_64-linux-gnu/9/crtendS.o /usr/lib/gcc/x86_64-linux-gnu/9/../../../x86_64-linux-gnu/crtn.o
COLLECT_GCC_OPTIONS='-o' 'conftest' '-O3' '-pipe' '-v' '-shared-libgcc' '-mtune=generic' '-march=x86-64'
configure:4930: result: -v
configure:4932: checking for Fortran libraries of gfortran
configure:5084: gfortran -o conftest -O3 -pipe   -v  conftest.f  >&5
Using built-in specs.
COLLECT_GCC=gfortran
COLLECT_LTO_WRAPPER=/usr/lib/gcc/x86_64-linux-gnu/9/lto-wrapper
OFFLOAD_TARGET_NAMES=nvptx-none:hsa
OFFLOAD_TARGET_DEFAULT=1
Target: x86_64-linux-gnu
Configured with: ../src/configure -v --with-pkgversion='Ubuntu 9.4.0-1ubuntu1~20.04.1' --with-bugurl=file:///usr/share/doc/gcc-9/README.Bugs --enable-languages=c,ada,c++,go,brig,d,fortran,objc,obj-c++,gm2 --prefix=/usr --with-gcc-major-version-only --program-suffix=-9 --program-prefix=x86_64-linux-gnu- --enable-shared --enable-linker-build-id --libexecdir=/usr/lib --without-included-gettext --enable-threads=posix --libdir=/usr/lib --enable-nls --enable-clocale=gnu --enable-libstdcxx-debug --enable-libstdcxx-time=yes --with-default-libstdcxx-abi=new --enable-gnu-unique-object --disable-vtable-verify --enable-plugin --enable-default-pie --with-system-zlib --with-target-system-zlib=auto --enable-objc-gc=auto --enable-multiarch --disable-werror --with-arch-32=i686 --with-abi=m64 --with-multilib-list=m32,m64,mx32 --enable-multilib --with-tune=generic --enable-offload-targets=nvptx-none=/build/gcc-9-Av3uEd/gcc-9-9.4.0/debian/tmp-nvptx/usr,hsa --without-cuda-driver --enable-checking=release --build=x86_64-linux-gnu --host=x86_64-linux-gnu --target=x86_64-linux-gnu
Thread model: posix
gcc version 9.4.0 (Ubuntu 9.4.0-1ubuntu1~20.04.1) 
COLLECT_GCC_OPTIONS='-o' 'conftest' '-O3' '-pipe' '-v' '-shared-libgcc' '-mtune=generic' '-march=x86-64'
 /usr/lib/gcc/x86_64-linux-gnu/9/f951 conftest.f -ffixed-form -quiet -dumpbase conftest.f -mtune=generic -march=x86-64 -auxbase conftest -O3 -version -fintrinsic-modules-path /usr/lib/gcc/x86_64-linux-gnu/9/finclude -fpre-include=/usr/include/finclude/math-vector-fortran.h -o - |
 as -v --64 -o /tmp/ccAoPcpR.o
GNU assembler version 2.34 (x86_64-linux-gnu) using BFD version (GNU Binutils for Ubuntu) 2.34
GNU Fortran (Ubuntu 9.4.0-1ubuntu1~20.04.1) version 9.4.0 (x86_64-linux-gnu)
	compiled by GNU C version 9.4.0, GMP version 6.2.0, MPFR version 4.0.2, MPC version 1.1.0, isl version isl-0.22.1-GMP

GGC heuristics: --param ggc-min-expand=100 --param ggc-min-heapsize=131072
GNU Fortran2008 (Ubuntu 9.4.0-1ubuntu1~20.04.1) version 9.4.0 (x86_64-linux-gnu)
	compiled by GNU C version 9.4.0, GMP version 6.2.0, MPFR version 4.0.2, MPC version 1.1.0, isl version isl-0.22.1-GMP

GGC heuristics: --param ggc-min-expand=100 --param ggc-min-heapsize=131072
Reading specs from /usr/lib/gcc/x86_64-linux-gnu/9/libgfortran.spec
rename spec lib to liborig
COLLECT_GCC_OPTIONS='-o' 'conftest' '-O3' '-pipe' '-v' '-shared-libgcc' '-mtune=generic' '-march=x86-64'
COMPILER_PATH=/usr/lib/gcc/x86_64-linux-gnu/9/:/usr/lib/gcc/x86_64-linux-gnu/9/:/usr/lib/gcc/x86_64-linux-gnu/:/usr/lib/gcc/x86_64-linux-gnu/9/:/usr/lib/gcc/x86_64-linux-gnu/
LIBRARY_PATH=/usr/lib/gcc/x86_64-linux-gnu/9/:/usr/lib/gcc/x86_64-linux-gnu/9/../../../x86_64-linux-gnu/:/usr/lib/gcc/x86_64-linux-gnu/9/../../../../lib/:/lib/x86_64-linux-gnu/:/lib/../lib/:/usr/lib/x86_64-linux-gnu/:/usr/lib/../lib/:/usr/lib/gcc/x86_64-linux-gnu/9/../../../:/lib/:/usr/lib/
COLLECT_GCC_OPTIONS='-o' 'conftest' '-O3' '-pipe' '-v' '-shared-libgcc' '-mtune=generic' '-march=x86-64'
 /usr/lib/gcc/x86_64-linux-gnu/9/collect2 -plugin /usr/lib/gcc/x86_64-linux-gnu/9/liblto_plugin.so -plugin-opt=/usr/lib/gcc/x86_64-linux-gnu/9/lto-wrapper -plugin-opt=-fresolution=/tmp/ccWR4mFS.res -plugin-opt=-pass-through=-lgcc_s -plugin-opt=-pass-through=-lgcc -plugin-opt=-pass-through=-lquadmath -plugin-opt=-pass-through=-lm -plugin-opt=-pass-through=-lgcc_s -plugin-opt=-pass-through=-lgcc -plugin-opt=-pass-through=-lc -plugin-opt=-pass-through=-lgcc_s -plugin-opt=-pass-through=-lgcc --build-id --eh-frame-hdr -m elf_x86_64 --hash-style=gnu --as-needed -dynamic-linker /lib64/ld-linux-x86-64.so.2 -pie -z now -z relro -o conftest /usr/lib/gcc/x86_64-linux-gnu/9/../../../x86_64-linux-gnu/Scrt1.o /usr/lib/gcc/x86_64-linux-gnu/9/../../../x86_64-linux-gnu/crti.o /usr/lib/gcc/x86_64-linux-gnu/9/crtbeginS.o -L/usr/lib/gcc/x86_64-linux-gnu/9 -L/usr/lib/gcc/x86_64-linux-gnu/9/../../../x86_64-linux-gnu -L/usr/lib/gcc/x86_64-linux-gnu/9/../../../../lib -L/lib/x86_64-linux-gnu -L/lib/../lib -L/usr/lib/x86_64-linux-gnu -L/usr/lib/../lib -L/usr/lib/gcc/x86_64-linux-gnu/9/../../.. /tmp/ccAoPcpR.o -lgfortran -lm -lgcc_s -lgcc -lquadmath -lm -lgcc_s -lgcc -lc -lgcc_s -lgcc /usr/lib/gcc/x86_64-linux-gnu/9/crtendS.o /usr/lib/gcc/x86_64-linux-gnu/9/../../../x86_64-linux-gnu/crtn.o
COLLECT_GCC_OPTIONS='-o' 'conftest' '-O3' '-pipe' '-v' '-shared-libgcc' '-mtune=generic' '-march=x86-64'
configure:5114: result:  -L/usr/lib/gcc/x86_64-linux-gnu/9 -L/usr/lib/gcc/x86_64-linux-gnu/9/../../../x86_64-linux-gnu -L/usr/lib/gcc/x86_64-linux-gnu/9/../../../../lib -L/lib/x86_64-linux-gnu -L/lib/../lib -L/usr/lib/x86_64-linux-gnu -L/usr/lib/../lib -L/usr/lib/gcc/x86_64-linux-gnu/9/../../.. -lgfortran -lm -lgcc_s -lquadmath
configure:5181: Corrected Fortran libraries:  -L/usr/lib/gcc/x86_64-linux-gnu/9 -L/usr/lib/gcc/x86_64-linux-gnu/9/../../../x86_64-linux-gnu -L/usr/lib/gcc/x86_64-linux-gnu/9/../../../../lib -L/lib/x86_64-linux-gnu -L/lib/../lib -L/usr/lib/x86_64-linux-gnu -L/usr/lib/../lib -L/usr/lib/gcc/x86_64-linux-gnu/9/../../.. -lgfortran -lm -lquadmath
configure:5190: checking for dummy main to link with Fortran libraries
configure:5229: gcc -o conftest -O3 -pipe -DNDEBUG -Wimplicit -Wparentheses -Wsequence-point -Wreturn-type -Wcast-qual -Wall -Wno-unknown-pragmas -Wno-long-long   -DIPOPT_BUILD   conftest.c   -L/usr/lib/gcc/x86_64-linux-gnu/9 -L/usr/lib/gcc/x86_64-linux-gnu/9/../../../x86_64-linux-gnu -L/usr/lib/gcc/x86_64-linux-gnu/9/../../../../lib -L/lib/x86_64-linux-gnu -L/lib/../lib -L/usr/lib/x86_64-linux-gnu -L/usr/lib/../lib -L/usr/lib/gcc/x86_64-linux-gnu/9/../../.. -lgfortran -lm -lquadmath >&5
configure:5235: $? = 0
configure:5239: test -z 
			 || test ! -s conftest.err
configure:5242: $? = 0
configure:5245: test -s conftest
configure:5248: $? = 0
configure:5326: result: none
configure:5362: checking for Fortran name-mangling scheme
configure:5376: gfortran -c -O3 -pipe   conftest.f >&5
configure:5382: $? = 0
configure:5386: test -z 
			 || test ! -s conftest.err
configure:5389: $? = 0
configure:5392: test -s conftest.o
configure:5395: $? = 0
configure:5442: gcc -o conftest -O3 -pipe -DNDEBUG -Wimplicit -Wparentheses -Wsequence-point -Wreturn-type -Wcast-qual -Wall -Wno-unknown-pragmas -Wno-long-long   -DIPOPT_BUILD   conftest.c cfortran_test.o   -L/usr/lib/gcc/x86_64-linux-gnu/9 -L/usr/lib/gcc/x86_64-linux-gnu/9/../../../x86_64-linux-gnu -L/usr/lib/gcc/x86_64-linux-gnu/9/../../../../lib -L/lib/x86_64-linux-gnu -L/lib/../lib -L/usr/lib/x86_64-linux-gnu -L/usr/lib/../lib -L/usr/lib/gcc/x86_64-linux-gnu/9/../../.. -lgfortran -lm -lquadmath >&5
/usr/bin/ld: /tmp/ccAa2Jns.o: in function `main':
conftest.c:(.text.startup+0xb): undefined reference to `foobar'
collect2: error: ld returned 1 exit status
configure:5448: $? = 1
configure: failed program was:
| /* confdefs.h.  */
| 
| #define PACKAGE_NAME "Ipopt"
| #define PACKAGE_TARNAME "ipopt"
| #define PACKAGE_VERSION "3.12.11"
| #define PACKAGE_STRING "Ipopt 3.12.11"
| #define PACKAGE_BUGREPORT "http://projects.coin-or.org/Ipopt/newticket"
| #define IPOPT_VERSION "3.12.11"
| #define IPOPT_VERSION_MAJOR 3
| #define IPOPT_VERSION_MINOR 12
| #define IPOPT_VERSION_RELEASE 11
| #define COIN_IPOPT_VERBOSITY 0
| #define COIN_IPOPT_CHECKLEVEL 0
| #ifdef __cplusplus
| extern "C" void std::exit (int) throw (); using std::exit;
| #endif
| /* end confdefs.h.  */
| 
| /* Override any gcc2 internal prototype to avoid an error.  */
| #ifdef __cplusplus
| extern "C"
| #endif
| /* We use char because int might match the return type of a gcc2
|    builtin and then its argument prototype would still apply.  */
| char foobar ();
| #ifdef F77_DUMMY_MAIN
| 
| #  ifdef __cplusplus
|      extern "C"
| #  endif
|    int F77_DUMMY_MAIN() { return 1; }
| 
| #endif
| int
| main ()
| {
| foobar ();
|   ;
|   return 0;
| }
configure:5442: gcc -o conftest -O3 -pipe -DNDEBUG -Wimplicit -Wparentheses -Wsequence-point -Wreturn-type -Wcast-qual -Wall -Wno-unknown-pragmas -Wno-long-long   -DIPOPT_BUILD   conftest.c cfortran_test.o   -L/usr/lib/gcc/x86_64-linux-gnu/9 -L/usr/lib/gcc/x86_64-linux-gnu/9/../../../x86_64-linux-gnu -L/usr/lib/gcc/x86_64-linux-gnu/9/../../../../lib -L/lib/x86_64-linux-gnu -L/lib/../lib -L/usr/lib/x86_64-linux-gnu -L/usr/lib/../lib -L/usr/lib/gcc/x86_64-linux-gnu/9/../../.. -lgfortran -lm -lquadmath >&5
configure:5448: $? = 0
configure:5452: test -z 
			 || test ! -s conftest.err
configure:5455: $? = 0
configure:5458: test -s conftest
configure:5461: $? = 0
configure:5529: gcc -o conftest -O3 -pipe -DNDEBUG -Wimplicit -Wparentheses -Wsequence-point -Wreturn-type -Wcast-qual -Wall -Wno-unknown-pragmas -Wno-long-long   -DIPOPT_BUILD   conftest.c cfortran_test.o   -L/usr/lib/gcc/x86_64-linux-gnu/9 -L/usr/lib/gcc/x86_64-linux-gnu/9/../../../x86_64-linux-gnu -L/usr/lib/gcc/x86_64-linux-gnu/9/../../../../lib -L/lib/x86_64-linux-gnu -L/lib/../lib -L/usr/lib/x86_64-linux-gnu -L/usr/lib/../lib -L/usr/lib/gcc/x86_64-linux-gnu/9/../../.. -lgfortran -lm -lquadmath >&5
configure:5535: $? = 0
configure:5539: test -z 
			 || test ! -s conftest.err
configure:5542: $? = 0
configure:5545: test -s conftest
configure:5548: $? = 0
configure:5598: result: lower case, underscore, no extra underscore
configure:5062: checking for a BSD-compatible install
configure:5117: result: /usr/bin/install -c
configure:5128: checking whether build environment is sane
configure:5171: result: yes
configure:5236: checking for gawk
configure:5265: result: no
configure:5236: checking for mawk
configure:5252: found /usr/bin/mawk
configure:5262: result: mawk
configure:5272: checking whether make sets $(MAKE)
configure:5292: result: yes
configure:5322: checking for style of include used by make
configure:5350: result: GNU
configure:5531: checking dependency style of gcc
configure:5621: result: gcc3
configure:5640: checking dependency style of g++
configure:5730: result: gcc3
configure:5748: checking whether to enable maintainer-specific portions of Makefiles
configure:5757: result: no
configure:21138: Using libtool script in directory ..
configure:21237: checking if library version is set
configure:21241: result: 11:11:10
configure:21283: configuring doxygen documentation options
configure:21290: checking for doxygen
configure:21306: found /usr/bin/doxygen
configure:21317: result: yes
configure:21326: checking for latex
configure:21353: result: no
configure:21381: checking for dot
configure:21397: found /usr/bin/dot
configure:21408: result: YES
configure:21574: checking for pkg-config
configure:21590: found /usr/bin/pkg-config
configure:21600: result: pkg-config
configure:21615: checking pkg-config is at least version 0.16.0
configure:21618: result: yes
configure:21742: checking whether user supplied BLASLIB="/usr/local/lib/libcoinblas.a -lgfortran" works
configure:21856: gcc -o conftest -O3 -pipe -DNDEBUG -Wimplicit -Wparentheses -Wsequence-point -Wreturn-type -Wcast-qual -Wall -Wno-unknown-pragmas -Wno-long-long   -DIPOPT_BUILD   conftest.c /usr/local/lib/libcoinblas.a -lgfortran  >&5
configure:21862: $? = 0
configure:21866: test -z 
			 || test ! -s conftest.err
configure:21869: $? = 0
configure:21872: test -s conftest
configure:21875: $? = 0
configure:21891: result: yes: /usr/local/lib/libcoinblas.a -lgfortran
configure:25469: checking whether user supplied LAPACKLIB="/usr/local/lib/libcoinlapack.a /usr/local/lib/libcoinblas.a -lgfortran  -L/usr/lib/gcc/x86_64-linux-gnu/9 -L/usr/lib/gcc/x86_64-linux-gnu/9/../../../x86_64-linux-gnu -L/usr/lib/gcc/x86_64-linux-gnu/9/../../../../lib -L/lib/x86_64-linux-gnu -L/lib/../lib -L/usr/lib/x86_64-linux-gnu -L/usr/lib/../lib -L/usr/lib/gcc/x86_64-linux-gnu/9/../../.. -lgfortran -lm -lquadmath" works
configure:25585: gcc -o conftest -O3 -pipe -DNDEBUG -Wimplicit -Wparentheses -Wsequence-point -Wreturn-type -Wcast-qual -Wall -Wno-unknown-pragmas -Wno-long-long   -DIPOPT_BUILD   conftest.c /usr/local/lib/libcoinlapack.a /usr/local/lib/libcoinblas.a -lgfortran  -L/usr/lib/gcc/x86_64-linux-gnu/9 -L/usr/lib/gcc/x86_64-linux-gnu/9/../../../x86_64-linux-gnu -L/usr/lib/gcc/x86_64-linux-gnu/9/../../../../lib -L/lib/x86_64-linux-gnu -L/lib/../lib -L/usr/lib/x86_64-linux-gnu -L/usr/lib/../lib -L/usr/lib/gcc/x86_64-linux-gnu/9/../../.. -lgfortran -lm -lquadmath  >&5
configure:25591: $? = 0
configure:25595: test -z 
			 || test ! -s conftest.err
configure:25598: $? = 0
configure:25601: test -s conftest
configure:25604: $? = 0
configure:25620: result: yes: /usr/local/lib/libcoinlapack.a /usr/local/lib/libcoinblas.a -lgfortran  -L/usr/lib/gcc/x86_64-linux-gnu/9 -L/usr/lib/gcc/x86_64-linux-gnu/9/../../../x86_64-linux-gnu -L/usr/lib/gcc/x86_64-linux-gnu/9/../../../../lib -L/lib/x86_64-linux-gnu -L/lib/../lib -L/usr/lib/x86_64-linux-gnu -L/usr/lib/../lib -L/usr/lib/gcc/x86_64-linux-gnu/9/../../.. -lgfortran -lm -lquadmath
configure:28288: checking for COIN-OR package ASL
configure:28430: result: yes: 1.4.1 
configure:28798: checking for COIN-OR package HSL
configure:28962: result: not given: No package 'coinhsl' found
configure:29308: checking for COIN-OR package Mumps
configure:29450: result: yes: 1.6.0 
configure:29833: checking for int *
configure:29865: gcc -c -O3 -pipe -DNDEBUG -Wimplicit -Wparentheses -Wsequence-point -Wreturn-type -Wcast-qual -Wall -Wno-unknown-pragmas -Wno-long-long   -DIPOPT_BUILD  conftest.c >&5
configure:29871: $? = 0
configure:29875: test -z 
			 || test ! -s conftest.err
configure:29878: $? = 0
configure:29881: test -s conftest.o
configure:29884: $? = 0
configure:29895: result: yes
configure:29898: checking size of int *
configure:30265: gcc -o conftest -O3 -pipe -DNDEBUG -Wimplicit -Wparentheses -Wsequence-point -Wreturn-type -Wcast-qual -Wall -Wno-unknown-pragmas -Wno-long-long   -DIPOPT_BUILD   conftest.c  >&5
configure:30268: $? = 0
configure:30270: ./conftest
configure:30273: $? = 0
configure:30296: result: 8
configure:30348: Using CXXAR="ar cru".
configure:30395: checking cmath usability
configure:30407: g++ -c -O3 -pipe -DNDEBUG    -DIPOPT_BUILD  conftest.cc >&5
configure:30413: $? = 0
configure:30417: test -z 
			 || test ! -s conftest.err
configure:30420: $? = 0
configure:30423: test -s conftest.o
configure:30426: $? = 0
configure:30436: result: yes
configure:30440: checking cmath presence
configure:30450: g++ -E  conftest.cc
configure:30456: $? = 0
configure:30476: result: yes
configure:30511: checking for cmath
configure:30518: result: yes
configure:30724: checking cctype usability
configure:30736: g++ -c -O3 -pipe -DNDEBUG    -DIPOPT_BUILD  conftest.cc >&5
configure:30742: $? = 0
configure:30746: test -z 
			 || test ! -s conftest.err
configure:30749: $? = 0
configure:30752: test -s conftest.o
configure:30755: $? = 0
configure:30765: result: yes
configure:30769: checking cctype presence
configure:30779: g++ -E  conftest.cc
configure:30785: $? = 0
configure:30805: result: yes
configure:30840: checking for cctype
configure:30847: result: yes
configure:31053: checking cassert usability
configure:31065: g++ -c -O3 -pipe -DNDEBUG    -DIPOPT_BUILD  conftest.cc >&5
configure:31071: $? = 0
configure:31075: test -z 
			 || test ! -s conftest.err
configure:31078: $? = 0
configure:31081: test -s conftest.o
configure:31084: $? = 0
configure:31094: result: yes
configure:31098: checking cassert presence
configure:31108: g++ -E  conftest.cc
configure:31114: $? = 0
configure:31134: result: yes
configure:31169: checking for cassert
configure:31176: result: yes
configure:31382: checking cstdio usability
configure:31394: g++ -c -O3 -pipe -DNDEBUG    -DIPOPT_BUILD  conftest.cc >&5
configure:31400: $? = 0
configure:31404: test -z 
			 || test ! -s conftest.err
configure:31407: $? = 0
configure:31410: test -s conftest.o
configure:31413: $? = 0
configure:31423: result: yes
configure:31427: checking cstdio presence
configure:31437: g++ -E  conftest.cc
configure:31443: $? = 0
configure:31463: result: yes
configure:31498: checking for cstdio
configure:31505: result: yes
configure:31711: checking cstdlib usability
configure:31723: g++ -c -O3 -pipe -DNDEBUG    -DIPOPT_BUILD  conftest.cc >&5
configure:31729: $? = 0
configure:31733: test -z 
			 || test ! -s conftest.err
configure:31736: $? = 0
configure:31739: test -s conftest.o
configure:31742: $? = 0
configure:31752: result: yes
configure:31756: checking cstdlib presence
configure:31766: g++ -E  conftest.cc
configure:31772: $? = 0
configure:31792: result: yes
configure:31827: checking for cstdlib
configure:31834: result: yes
configure:32040: checking cstdarg usability
configure:32052: g++ -c -O3 -pipe -DNDEBUG    -DIPOPT_BUILD  conftest.cc >&5
configure:32058: $? = 0
configure:32062: test -z 
			 || test ! -s conftest.err
configure:32065: $? = 0
configure:32068: test -s conftest.o
configure:32071: $? = 0
configure:32081: result: yes
configure:32085: checking cstdarg presence
configure:32095: g++ -E  conftest.cc
configure:32101: $? = 0
configure:32121: result: yes
configure:32156: checking for cstdarg
configure:32163: result: yes
configure:32369: checking cstring usability
configure:32381: g++ -c -O3 -pipe -DNDEBUG    -DIPOPT_BUILD  conftest.cc >&5
configure:32387: $? = 0
configure:32391: test -z 
			 || test ! -s conftest.err
configure:32394: $? = 0
configure:32397: test -s conftest.o
configure:32400: $? = 0
configure:32410: result: yes
configure:32414: checking cstring presence
configure:32424: g++ -E  conftest.cc
configure:32430: $? = 0
configure:32450: result: yes
configure:32485: checking for cstring
configure:32492: result: yes
configure:32698: checking cfloat usability
configure:32710: g++ -c -O3 -pipe -DNDEBUG    -DIPOPT_BUILD  conftest.cc >&5
configure:32716: $? = 0
configure:32720: test -z 
			 || test ! -s conftest.err
configure:32723: $? = 0
configure:32726: test -s conftest.o
configure:32729: $? = 0
configure:32739: result: yes
configure:32743: checking cfloat presence
configure:32753: g++ -E  conftest.cc
configure:32759: $? = 0
configure:32779: result: yes
configure:32814: checking for cfloat
configure:32821: result: yes
configure:33027: checking ctime usability
configure:33039: g++ -c -O3 -pipe -DNDEBUG    -DIPOPT_BUILD  conftest.cc >&5
configure:33045: $? = 0
configure:33049: test -z 
			 || test ! -s conftest.err
configure:33052: $? = 0
configure:33055: test -s conftest.o
configure:33058: $? = 0
configure:33068: result: yes
configure:33072: checking ctime presence
configure:33082: g++ -E  conftest.cc
configure:33088: $? = 0
configure:33108: result: yes
configure:33143: checking for ctime
configure:33150: result: yes
configure:33356: checking cstddef usability
configure:33368: g++ -c -O3 -pipe -DNDEBUG    -DIPOPT_BUILD  conftest.cc >&5
configure:33374: $? = 0
configure:33378: test -z 
			 || test ! -s conftest.err
configure:33381: $? = 0
configure:33384: test -s conftest.o
configure:33387: $? = 0
configure:33397: result: yes
configure:33401: checking cstddef presence
configure:33411: g++ -E  conftest.cc
configure:33417: $? = 0
configure:33437: result: yes
configure:33472: checking for cstddef
configure:33479: result: yes
configure:33690: checking for cmath
configure:33695: result: yes
configure:34019: checking for cfloat
configure:34024: result: yes
configure:34357: checking cieeefp usability
configure:34369: g++ -c -O3 -pipe -DNDEBUG    -DIPOPT_BUILD  conftest.cc >&5
conftest.cc:84:10: fatal error: cieeefp: No such file or directory
   84 | #include <cieeefp>
      |          ^~~~~~~~~
compilation terminated.
configure:34375: $? = 1
configure: failed program was:
| /* confdefs.h.  */
| 
| #define PACKAGE_NAME "Ipopt"
| #define PACKAGE_TARNAME "ipopt"
| #define PACKAGE_VERSION "3.12.11"
| #define PACKAGE_STRING "Ipopt 3.12.11"
| #define PACKAGE_BUGREPORT "http://projects.coin-or.org/Ipopt/newticket"
| #define IPOPT_VERSION "3.12.11"
| #define IPOPT_VERSION_MAJOR 3
| #define IPOPT_VERSION_MINOR 12
| #define IPOPT_VERSION_RELEASE 11
| #define COIN_IPOPT_VERBOSITY 0
| #define COIN_IPOPT_CHECKLEVEL 0
| #ifdef __cplusplus
| extern "C" void std::exit (int) throw (); using std::exit;
| #endif
| #define F77_FUNC(name,NAME) name ## _
| #define F77_FUNC_(name,NAME) name ## _
| #define PACKAGE "ipopt"
| #define VERSION "3.12.11"
| #define STDC_HEADERS 1
| #define HAVE_SYS_TYPES_H 1
| #define HAVE_SYS_STAT_H 1
| #define HAVE_STDLIB_H 1
| #define HAVE_STRING_H 1
| #define HAVE_MEMORY_H 1
| #define HAVE_STRINGS_H 1
| #define HAVE_INTTYPES_H 1
| #define HAVE_STDINT_H 1
| #define HAVE_UNISTD_H 1
| #define HAVE_DLFCN_H 1
| #define COIN_HAS_BLAS 1
| #define COIN_HAS_LAPACK 1
| #define COIN_HAS_ASL 1
| #define COIN_HAS_MUMPS 1
| #define SIZEOF_INT_P 8
| #define HAVE_CMATH 1
| #define HAVE_CCTYPE 1
| #define HAVE_CASSERT 1
| #define HAVE_CSTDIO 1
| #define HAVE_CSTDLIB 1
| #define HAVE_CSTDARG 1
| #define HAVE_CSTRING 1
| #define HAVE_CFLOAT 1
| #define HAVE_CTIME 1
| #define HAVE_CSTDDEF 1
| #define HAVE_CMATH 1
| #define HAVE_CFLOAT 1
| /* end confdefs.h.  */
| #include <stdio.h>
| #if HAVE_SYS_TYPES_H
| # include <sys/types.h>
| #endif
| #if HAVE_SYS_STAT_H
| # include <sys/stat.h>
| #endif
| #if STDC_HEADERS
| # include <stdlib.h>
| # include <stddef.h>
| #else
| # if HAVE_STDLIB_H
| #  include <stdlib.h>
| # endif
| #endif
| #if HAVE_STRING_H
| # if !STDC_HEADERS && HAVE_MEMORY_H
| #  include <memory.h>
| # endif
| # include <string.h>
| #endif
| #if HAVE_STRINGS_H
| # include <strings.h>
| #endif
| #if HAVE_INTTYPES_H
| # include <inttypes.h>
| #else
| # if HAVE_STDINT_H
| #  include <stdint.h>
| # endif
| #endif
| #if HAVE_UNISTD_H
| # include <unistd.h>
| #endif
| #include <cieeefp>
configure:34398: result: no
configure:34402: checking cieeefp presence
configure:34412: g++ -E  conftest.cc
conftest.cc:50:10: fatal error: cieeefp: No such file or directory
   50 | #include <cieeefp>
      |          ^~~~~~~~~
compilation terminated.
configure:34418: $? = 1
configure: failed program was:
| /* confdefs.h.  */
| 
| #define PACKAGE_NAME "Ipopt"
| #define PACKAGE_TARNAME "ipopt"
| #define PACKAGE_VERSION "3.12.11"
| #define PACKAGE_STRING "Ipopt 3.12.11"
| #define PACKAGE_BUGREPORT "http://projects.coin-or.org/Ipopt/newticket"
| #define IPOPT_VERSION "3.12.11"
| #define IPOPT_VERSION_MAJOR 3
| #define IPOPT_VERSION_MINOR 12
| #define IPOPT_VERSION_RELEASE 11
| #define COIN_IPOPT_VERBOSITY 0
| #define COIN_IPOPT_CHECKLEVEL 0
| #ifdef __cplusplus
| extern "C" void std::exit (int) throw (); using std::exit;
| #endif
| #define F77_FUNC(name,NAME) name ## _
| #define F77_FUNC_(name,NAME) name ## _
| #define PACKAGE "ipopt"
| #define VERSION "3.12.11"
| #define STDC_HEADERS 1
| #define HAVE_SYS_TYPES_H 1
| #define HAVE_SYS_STAT_H 1
| #define HAVE_STDLIB_H 1
| #define HAVE_STRING_H 1
| #define HAVE_MEMORY_H 1
| #define HAVE_STRINGS_H 1
| #define HAVE_INTTYPES_H 1
| #define HAVE_STDINT_H 1
| #define HAVE_UNISTD_H 1
| #define HAVE_DLFCN_H 1
| #define COIN_HAS_BLAS 1
| #define COIN_HAS_LAPACK 1
| #define COIN_HAS_ASL 1
| #define COIN_HAS_MUMPS 1
| #define SIZEOF_INT_P 8
| #define HAVE_CMATH 1
| #define HAVE_CCTYPE 1
| #define HAVE_CASSERT 1
| #define HAVE_CSTDIO 1
| #define HAVE_CSTDLIB 1
| #define HAVE_CSTDARG 1
| #define HAVE_CSTRING 1
| #define HAVE_CFLOAT 1
| #define HAVE_CTIME 1
| #define HAVE_CSTDDEF 1
| #define HAVE_CMATH 1
| #define HAVE_CFLOAT 1
| /* end confdefs.h.  */
| #include <cieeefp>
configure:34438: result: no
configure:34473: checking for cieeefp
configure:34480: result: no
configure:34515: checking ieeefp.h usability
configure:34527: g++ -c -O3 -pipe -DNDEBUG    -DIPOPT_BUILD  conftest.cc >&5
conftest.cc:84:10: fatal error: ieeefp.h: No such file or directory
   84 | #include <ieeefp.h>
      |          ^~~~~~~~~~
compilation terminated.
configure:34533: $? = 1
configure: failed program was:
| /* confdefs.h.  */
| 
| #define PACKAGE_NAME "Ipopt"
| #define PACKAGE_TARNAME "ipopt"
| #define PACKAGE_VERSION "3.12.11"
| #define PACKAGE_STRING "Ipopt 3.12.11"
| #define PACKAGE_BUGREPORT "http://projects.coin-or.org/Ipopt/newticket"
| #define IPOPT_VERSION "3.12.11"
| #define IPOPT_VERSION_MAJOR 3
| #define IPOPT_VERSION_MINOR 12
| #define IPOPT_VERSION_RELEASE 11
| #define COIN_IPOPT_VERBOSITY 0
| #define COIN_IPOPT_CHECKLEVEL 0
| #ifdef __cplusplus
| extern "C" void std::exit (int) throw (); using std::exit;
| #endif
| #define F77_FUNC(name,NAME) name ## _
| #define F77_FUNC_(name,NAME) name ## _
| #define PACKAGE "ipopt"
| #define VERSION "3.12.11"
| #define STDC_HEADERS 1
| #define HAVE_SYS_TYPES_H 1
| #define HAVE_SYS_STAT_H 1
| #define HAVE_STDLIB_H 1
| #define HAVE_STRING_H 1
| #define HAVE_MEMORY_H 1
| #define HAVE_STRINGS_H 1
| #define HAVE_INTTYPES_H 1
| #define HAVE_STDINT_H 1
| #define HAVE_UNISTD_H 1
| #define HAVE_DLFCN_H 1
| #define COIN_HAS_BLAS 1
| #define COIN_HAS_LAPACK 1
| #define COIN_HAS_ASL 1
| #define COIN_HAS_MUMPS 1
| #define SIZEOF_INT_P 8
| #define HAVE_CMATH 1
| #define HAVE_CCTYPE 1
| #define HAVE_CASSERT 1
| #define HAVE_CSTDIO 1
| #define HAVE_CSTDLIB 1
| #define HAVE_CSTDARG 1
| #define HAVE_CSTRING 1
| #define HAVE_CFLOAT 1
| #define HAVE_CTIME 1
| #define HAVE_CSTDDEF 1
| #define HAVE_CMATH 1
| #define HAVE_CFLOAT 1
| /* end confdefs.h.  */
| #include <stdio.h>
| #if HAVE_SYS_TYPES_H
| # include <sys/types.h>
| #endif
| #if HAVE_SYS_STAT_H
| # include <sys/stat.h>
| #endif
| #if STDC_HEADERS
| # include <stdlib.h>
| # include <stddef.h>
| #else
| # if HAVE_STDLIB_H
| #  include <stdlib.h>
| # endif
| #endif
| #if HAVE_STRING_H
| # if !STDC_HEADERS && HAVE_MEMORY_H
| #  include <memory.h>
| # endif
| # include <string.h>
| #endif
| #if HAVE_STRINGS_H
| # include <strings.h>
| #endif
| #if HAVE_INTTYPES_H
| # include <inttypes.h>
| #else
| # if HAVE_STDINT_H
| #  include <stdint.h>
| # endif
| #endif
| #if HAVE_UNISTD_H
| # include <unistd.h>
| #endif
| #include <ieeefp.h>
configure:34556: result: no
configure:34560: checking ieeefp.h presence
configure:34570: g++ -E  conftest.cc
conftest.cc:50:10: fatal error: ieeefp.h: No such file or directory
   50 | #include <ieeefp.h>
      |          ^~~~~~~~~~
compilation terminated.
configure:34576: $? = 1
configure: failed program was:
| /* confdefs.h.  */
| 
| #define PACKAGE_NAME "Ipopt"
| #define PACKAGE_TARNAME "ipopt"
| #define PACKAGE_VERSION "3.12.11"
| #define PACKAGE_STRING "Ipopt 3.12.11"
| #define PACKAGE_BUGREPORT "http://projects.coin-or.org/Ipopt/newticket"
| #define IPOPT_VERSION "3.12.11"
| #define IPOPT_VERSION_MAJOR 3
| #define IPOPT_VERSION_MINOR 12
| #define IPOPT_VERSION_RELEASE 11
| #define COIN_IPOPT_VERBOSITY 0
| #define COIN_IPOPT_CHECKLEVEL 0
| #ifdef __cplusplus
| extern "C" void std::exit (int) throw (); using std::exit;
| #endif
| #define F77_FUNC(name,NAME) name ## _
| #define F77_FUNC_(name,NAME) name ## _
| #define PACKAGE "ipopt"
| #define VERSION "3.12.11"
| #define STDC_HEADERS 1
| #define HAVE_SYS_TYPES_H 1
| #define HAVE_SYS_STAT_H 1
| #define HAVE_STDLIB_H 1
| #define HAVE_STRING_H 1
| #define HAVE_MEMORY_H 1
| #define HAVE_STRINGS_H 1
| #define HAVE_INTTYPES_H 1
| #define HAVE_STDINT_H 1
| #define HAVE_UNISTD_H 1
| #define HAVE_DLFCN_H 1
| #define COIN_HAS_BLAS 1
| #define COIN_HAS_LAPACK 1
| #define COIN_HAS_ASL 1
| #define COIN_HAS_MUMPS 1
| #define SIZEOF_INT_P 8
| #define HAVE_CMATH 1
| #define HAVE_CCTYPE 1
| #define HAVE_CASSERT 1
| #define HAVE_CSTDIO 1
| #define HAVE_CSTDLIB 1
| #define HAVE_CSTDARG 1
| #define HAVE_CSTRING 1
| #define HAVE_CFLOAT 1
| #define HAVE_CTIME 1
| #define HAVE_CSTDDEF 1
| #define HAVE_CMATH 1
| #define HAVE_CFLOAT 1
| /* end confdefs.h.  */
| #include <ieeefp.h>
configure:34596: result: no
configure:34631: checking for ieeefp.h
configure:34638: result: no
configure:34662: checking whether isfinite is declared
configure:34716: g++ -c -O3 -pipe -DNDEBUG    -DIPOPT_BUILD  conftest.cc >&5
conftest.cc: In function 'int main()':
conftest.cc:85:22: error: 'isfinite' was not declared in this scope; did you mean 'std::isfinite'?
   85 |   char *p = (char *) isfinite;
      |                      ^~~~~~~~
      |                      std::isfinite
In file included from conftest.cc:52:
/usr/include/c++/9/cmath:578:5: note: 'std::isfinite' declared here
  578 |     isfinite(_Tp __x)
      |     ^~~~~~~~
configure:34722: $? = 1
configure: failed program was:
| /* confdefs.h.  */
| 
| #define PACKAGE_NAME "Ipopt"
| #define PACKAGE_TARNAME "ipopt"
| #define PACKAGE_VERSION "3.12.11"
| #define PACKAGE_STRING "Ipopt 3.12.11"
| #define PACKAGE_BUGREPORT "http://projects.coin-or.org/Ipopt/newticket"
| #define IPOPT_VERSION "3.12.11"
| #define IPOPT_VERSION_MAJOR 3
| #define IPOPT_VERSION_MINOR 12
| #define IPOPT_VERSION_RELEASE 11
| #define COIN_IPOPT_VERBOSITY 0
| #define COIN_IPOPT_CHECKLEVEL 0
| #ifdef __cplusplus
| extern "C" void std::exit (int) throw (); using std::exit;
| #endif
| #define F77_FUNC(name,NAME) name ## _
| #define F77_FUNC_(name,NAME) name ## _
| #define PACKAGE "ipopt"
| #define VERSION "3.12.11"
| #define STDC_HEADERS 1
| #define HAVE_SYS_TYPES_H 1
| #define HAVE_SYS_STAT_H 1
| #define HAVE_STDLIB_H 1
| #define HAVE_STRING_H 1
| #define HAVE_MEMORY_H 1
| #define HAVE_STRINGS_H 1
| #define HAVE_INTTYPES_H 1
| #define HAVE_STDINT_H 1
| #define HAVE_UNISTD_H 1
| #define HAVE_DLFCN_H 1
| #define COIN_HAS_BLAS 1
| #define COIN_HAS_LAPACK 1
| #define COIN_HAS_ASL 1
| #define COIN_HAS_MUMPS 1
| #define SIZEOF_INT_P 8
| #define HAVE_CMATH 1
| #define HAVE_CCTYPE 1
| #define HAVE_CASSERT 1
| #define HAVE_CSTDIO 1
| #define HAVE_CSTDLIB 1
| #define HAVE_CSTDARG 1
| #define HAVE_CSTRING 1
| #define HAVE_CFLOAT 1
| #define HAVE_CTIME 1
| #define HAVE_CSTDDEF 1
| #define HAVE_CMATH 1
| #define HAVE_CFLOAT 1
| /* end confdefs.h.  */
| 
| #ifdef HAVE_CMATH
| # include <cmath>
| #else
| # ifdef HAVE_MATH_H
| #  include <math.h>
| # endif
| #endif
| #ifdef HAVE_CFLOAT
| # include <cfloat>
| #else
| # ifdef HAVE_FLOAT_H
| #  include <float.h>
| # endif
| #endif
| #ifdef HAVE_CIEEEFP
| # include <cieeefp>
| #else
| # ifdef HAVE_IEEEFP_H
| #  include <ieeefp.h>
| # endif
| #endif
| 
| #ifdef F77_DUMMY_MAIN
| 
| #  ifdef __cplusplus
|      extern "C"
| #  endif
|    int F77_DUMMY_MAIN() { return 1; }
| 
| #endif
| int
| main ()
| {
| #ifndef isfinite
|   char *p = (char *) isfinite;
| #endif
| 
|   ;
|   return 0;
| }
configure:34746: result: no
configure:34753: checking whether finite is declared
configure:34807: g++ -c -O3 -pipe -DNDEBUG    -DIPOPT_BUILD  conftest.cc >&5
configure:34813: $? = 0
configure:34817: test -z 
			 || test ! -s conftest.err
configure:34820: $? = 0
configure:34823: test -s conftest.o
configure:34826: $? = 0
configure:34837: result: yes
configure:34959: checking whether va_copy is declared
configure:34999: g++ -c -O3 -pipe -DNDEBUG    -DIPOPT_BUILD  conftest.cc >&5
configure:35005: $? = 0
configure:35009: test -z 
			 || test ! -s conftest.err
configure:35012: $? = 0
configure:35015: test -s conftest.o
configure:35018: $? = 0
configure:35029: result: yes
configure:35044: checking whether drand48 is declared
configure:35085: g++ -c -O3 -pipe -DNDEBUG    -DIPOPT_BUILD  conftest.cc >&5
configure:35091: $? = 0
configure:35095: test -z 
			 || test ! -s conftest.err
configure:35098: $? = 0
configure:35101: test -s conftest.o
configure:35104: $? = 0
configure:35115: result: yes
configure:35126: checking whether rand is declared
configure:35167: g++ -c -O3 -pipe -DNDEBUG    -DIPOPT_BUILD  conftest.cc >&5
configure:35173: $? = 0
configure:35177: test -z 
			 || test ! -s conftest.err
configure:35180: $? = 0
configure:35183: test -s conftest.o
configure:35186: $? = 0
configure:35197: result: yes
configure:35208: checking whether srand is declared
configure:35249: g++ -c -O3 -pipe -DNDEBUG    -DIPOPT_BUILD  conftest.cc >&5
configure:35255: $? = 0
configure:35259: test -z 
			 || test ! -s conftest.err
configure:35262: $? = 0
configure:35265: test -s conftest.o
configure:35268: $? = 0
configure:35279: result: yes
configure:35426: checking for mkl_get_version_string
configure:35491: gcc -o conftest -O3 -pipe -DNDEBUG -Wimplicit -Wparentheses -Wsequence-point -Wreturn-type -Wcast-qual -Wall -Wno-unknown-pragmas -Wno-long-long   -DIPOPT_BUILD   conftest.c  /usr/local/lib/libcoinlapack.a /usr/local/lib/libcoinblas.a -lgfortran  -L/usr/lib/gcc/x86_64-linux-gnu/9 -L/usr/lib/gcc/x86_64-linux-gnu/9/../../../x86_64-linux-gnu -L/usr/lib/gcc/x86_64-linux-gnu/9/../../../../lib -L/lib/x86_64-linux-gnu -L/lib/../lib -L/usr/lib/x86_64-linux-gnu -L/usr/lib/../lib -L/usr/lib/gcc/x86_64-linux-gnu/9/../../.. -lgfortran -lm -lquadmath /usr/local/lib/libcoinblas.a -lgfortran  -L/usr/lib/gcc/x86_64-linux-gnu/9 -L/usr/lib/gcc/x86_64-linux-gnu/9/../../../x86_64-linux-gnu -L/usr/lib/gcc/x86_64-linux-gnu/9/../../../../lib -L/lib/x86_64-linux-gnu -L/lib/../lib -L/usr/lib/x86_64-linux-gnu -L/usr/lib/../lib -L/usr/lib/gcc/x86_64-linux-gnu/9/../../.. -lgfortran -lm -lquadmath >&5
/usr/bin/ld: /tmp/ccYdHdQ4.o: in function `main':
conftest.c:(.text.startup+0x7): undefined reference to `mkl_get_version_string'
/usr/bin/ld: /tmp/ccYdHdQ4.o:(.data.rel+0x0): undefined reference to `mkl_get_version_string'
collect2: error: ld returned 1 exit status
configure:35497: $? = 1
configure: failed program was:
| /* confdefs.h.  */
| 
| #define PACKAGE_NAME "Ipopt"
| #define PACKAGE_TARNAME "ipopt"
| #define PACKAGE_VERSION "3.12.11"
| #define PACKAGE_STRING "Ipopt 3.12.11"
| #define PACKAGE_BUGREPORT "http://projects.coin-or.org/Ipopt/newticket"
| #define IPOPT_VERSION "3.12.11"
| #define IPOPT_VERSION_MAJOR 3
| #define IPOPT_VERSION_MINOR 12
| #define IPOPT_VERSION_RELEASE 11
| #define COIN_IPOPT_VERBOSITY 0
| #define COIN_IPOPT_CHECKLEVEL 0
| #ifdef __cplusplus
| extern "C" void std::exit (int) throw (); using std::exit;
| #endif
| #define F77_FUNC(name,NAME) name ## _
| #define F77_FUNC_(name,NAME) name ## _
| #define PACKAGE "ipopt"
| #define VERSION "3.12.11"
| #define STDC_HEADERS 1
| #define HAVE_SYS_TYPES_H 1
| #define HAVE_SYS_STAT_H 1
| #define HAVE_STDLIB_H 1
| #define HAVE_STRING_H 1
| #define HAVE_MEMORY_H 1
| #define HAVE_STRINGS_H 1
| #define HAVE_INTTYPES_H 1
| #define HAVE_STDINT_H 1
| #define HAVE_UNISTD_H 1
| #define HAVE_DLFCN_H 1
| #define COIN_HAS_BLAS 1
| #define COIN_HAS_LAPACK 1
| #define COIN_HAS_ASL 1
| #define COIN_HAS_MUMPS 1
| #define SIZEOF_INT_P 8
| #define HAVE_CMATH 1
| #define HAVE_CCTYPE 1
| #define HAVE_CASSERT 1
| #define HAVE_CSTDIO 1
| #define HAVE_CSTDLIB 1
| #define HAVE_CSTDARG 1
| #define HAVE_CSTRING 1
| #define HAVE_CFLOAT 1
| #define HAVE_CTIME 1
| #define HAVE_CSTDDEF 1
| #define HAVE_CMATH 1
| #define HAVE_CFLOAT 1
| #define COIN_C_FINITE finite
| #define HAVE_VA_COPY 1
| #define HAVE_DRAND48 1
| #define HAVE_RAND 1
| #define HAVE_STD__RAND 1
| /* end confdefs.h.  */
| /* Define mkl_get_version_string to an innocuous variant, in case <limits.h> declares mkl_get_version_string.
|    For example, HP-UX 11i <limits.h> declares gettimeofday.  */
| #define mkl_get_version_string innocuous_mkl_get_version_string
| 
| /* System header to define __stub macros and hopefully few prototypes,
|     which can conflict with char mkl_get_version_string (); below.
|     Prefer <limits.h> to <assert.h> if __STDC__ is defined, since
|     <limits.h> exists even on freestanding compilers.  */
| 
| #ifdef __STDC__
| # include <limits.h>
| #else
| # include <assert.h>
| #endif
| 
| #undef mkl_get_version_string
| 
| /* Override any gcc2 internal prototype to avoid an error.  */
| #ifdef __cplusplus
| extern "C"
| {
| #endif
| /* We use char because int might match the return type of a gcc2
|    builtin and then its argument prototype would still apply.  */
| char mkl_get_version_string ();
| /* The GNU C library defines this for functions which it implements
|     to always fail with ENOSYS.  Some functions are actually named
|     something starting with __ and the normal name is an alias.  */
| #if defined (__stub_mkl_get_version_string) || defined (__stub___mkl_get_version_string)
| choke me
| #else
| char (*f) () = mkl_get_version_string;
| #endif
| #ifdef __cplusplus
| }
| #endif
| 
| #ifdef F77_DUMMY_MAIN
| 
| #  ifdef __cplusplus
|      extern "C"
| #  endif
|    int F77_DUMMY_MAIN() { return 1; }
| 
| #endif
| int
| main ()
| {
| return f != mkl_get_version_string;
|   ;
|   return 0;
| }
configure:35522: result: no
configure:35936: checking for MPI_Initialized
configure:36001: g++ -o conftest -O3 -pipe -DNDEBUG    -DIPOPT_BUILD   conftest.cc  >&5
/usr/bin/ld: /tmp/ccp5U7uJ.o: in function `main':
conftest.cc:(.text.startup+0x7): undefined reference to `MPI_Initialized'
/usr/bin/ld: /tmp/ccp5U7uJ.o:(.data.rel+0x0): undefined reference to `MPI_Initialized'
collect2: error: ld returned 1 exit status
configure:36007: $? = 1
configure: failed program was:
| /* confdefs.h.  */
| 
| #define PACKAGE_NAME "Ipopt"
| #define PACKAGE_TARNAME "ipopt"
| #define PACKAGE_VERSION "3.12.11"
| #define PACKAGE_STRING "Ipopt 3.12.11"
| #define PACKAGE_BUGREPORT "http://projects.coin-or.org/Ipopt/newticket"
| #define IPOPT_VERSION "3.12.11"
| #define IPOPT_VERSION_MAJOR 3
| #define IPOPT_VERSION_MINOR 12
| #define IPOPT_VERSION_RELEASE 11
| #define COIN_IPOPT_VERBOSITY 0
| #define COIN_IPOPT_CHECKLEVEL 0
| #ifdef __cplusplus
| extern "C" void std::exit (int) throw (); using std::exit;
| #endif
| #define F77_FUNC(name,NAME) name ## _
| #define F77_FUNC_(name,NAME) name ## _
| #define PACKAGE "ipopt"
| #define VERSION "3.12.11"
| #define STDC_HEADERS 1
| #define HAVE_SYS_TYPES_H 1
| #define HAVE_SYS_STAT_H 1
| #define HAVE_STDLIB_H 1
| #define HAVE_STRING_H 1
| #define HAVE_MEMORY_H 1
| #define HAVE_STRINGS_H 1
| #define HAVE_INTTYPES_H 1
| #define HAVE_STDINT_H 1
| #define HAVE_UNISTD_H 1
| #define HAVE_DLFCN_H 1
| #define COIN_HAS_BLAS 1
| #define COIN_HAS_LAPACK 1
| #define COIN_HAS_ASL 1
| #define COIN_HAS_MUMPS 1
| #define SIZEOF_INT_P 8
| #define HAVE_CMATH 1
| #define HAVE_CCTYPE 1
| #define HAVE_CASSERT 1
| #define HAVE_CSTDIO 1
| #define HAVE_CSTDLIB 1
| #define HAVE_CSTDARG 1
| #define HAVE_CSTRING 1
| #define HAVE_CFLOAT 1
| #define HAVE_CTIME 1
| #define HAVE_CSTDDEF 1
| #define HAVE_CMATH 1
| #define HAVE_CFLOAT 1
| #define COIN_C_FINITE finite
| #define HAVE_VA_COPY 1
| #define HAVE_DRAND48 1
| #define HAVE_RAND 1
| #define HAVE_STD__RAND 1
| /* end confdefs.h.  */
| /* Define MPI_Initialized to an innocuous variant, in case <limits.h> declares MPI_Initialized.
|    For example, HP-UX 11i <limits.h> declares gettimeofday.  */
| #define MPI_Initialized innocuous_MPI_Initialized
| 
| /* System header to define __stub macros and hopefully few prototypes,
|     which can conflict with char MPI_Initialized (); below.
|     Prefer <limits.h> to <assert.h> if __STDC__ is defined, since
|     <limits.h> exists even on freestanding compilers.  */
| 
| #ifdef __STDC__
| # include <limits.h>
| #else
| # include <assert.h>
| #endif
| 
| #undef MPI_Initialized
| 
| /* Override any gcc2 internal prototype to avoid an error.  */
| #ifdef __cplusplus
| extern "C"
| {
| #endif
| /* We use char because int might match the return type of a gcc2
|    builtin and then its argument prototype would still apply.  */
| char MPI_Initialized ();
| /* The GNU C library defines this for functions which it implements
|     to always fail with ENOSYS.  Some functions are actually named
|     something starting with __ and the normal name is an alias.  */
| #if defined (__stub_MPI_Initialized) || defined (__stub___MPI_Initialized)
| choke me
| #else
| char (*f) () = MPI_Initialized;
| #endif
| #ifdef __cplusplus
| }
| #endif
| 
| #ifdef F77_DUMMY_MAIN
| 
| #  ifdef __cplusplus
|      extern "C"
| #  endif
|    int F77_DUMMY_MAIN() { return 1; }
| 
| #endif
| int
| main ()
| {
| return f != MPI_Initialized;
|   ;
|   return 0;
| }
configure:36032: result: no
configure:36219: checking whether this is a VPATH configuration
configure:36226: result: no
configure:36248: checking for matlab installation
configure:36317: result: /usr/local/MATLAB/R2021b
configure:36334: checking for Matlab executable extension (MEXSUFFIX)
configure:36358: result: mexa64
configure:36516: checking whether the linear solver loader should be compiled
configure:36518: result: yes
configure:36600: checking windows.h usability
configure:36612: gcc -c -O3 -pipe -DNDEBUG -Wimplicit -Wparentheses -Wsequence-point -Wreturn-type -Wcast-qual -Wall -Wno-unknown-pragmas -Wno-long-long   -DIPOPT_BUILD  conftest.c >&5
conftest.c:91:10: fatal error: windows.h: No such file or directory
   91 | #include <windows.h>
      |          ^~~~~~~~~~~
compilation terminated.
configure:36618: $? = 1
configure: failed program was:
| /* confdefs.h.  */
| 
| #define PACKAGE_NAME "Ipopt"
| #define PACKAGE_TARNAME "ipopt"
| #define PACKAGE_VERSION "3.12.11"
| #define PACKAGE_STRING "Ipopt 3.12.11"
| #define PACKAGE_BUGREPORT "http://projects.coin-or.org/Ipopt/newticket"
| #define IPOPT_VERSION "3.12.11"
| #define IPOPT_VERSION_MAJOR 3
| #define IPOPT_VERSION_MINOR 12
| #define IPOPT_VERSION_RELEASE 11
| #define COIN_IPOPT_VERBOSITY 0
| #define COIN_IPOPT_CHECKLEVEL 0
| #ifdef __cplusplus
| extern "C" void std::exit (int) throw (); using std::exit;
| #endif
| #define F77_FUNC(name,NAME) name ## _
| #define F77_FUNC_(name,NAME) name ## _
| #define PACKAGE "ipopt"
| #define VERSION "3.12.11"
| #define STDC_HEADERS 1
| #define HAVE_SYS_TYPES_H 1
| #define HAVE_SYS_STAT_H 1
| #define HAVE_STDLIB_H 1
| #define HAVE_STRING_H 1
| #define HAVE_MEMORY_H 1
| #define HAVE_STRINGS_H 1
| #define HAVE_INTTYPES_H 1
| #define HAVE_STDINT_H 1
| #define HAVE_UNISTD_H 1
| #define HAVE_DLFCN_H 1
| #define COIN_HAS_BLAS 1
| #define COIN_HAS_LAPACK 1
| #define COIN_HAS_ASL 1
| #define COIN_HAS_MUMPS 1
| #define SIZEOF_INT_P 8
| #define HAVE_CMATH 1
| #define HAVE_CCTYPE 1
| #define HAVE_CASSERT 1
| #define HAVE_CSTDIO 1
| #define HAVE_CSTDLIB 1
| #define HAVE_CSTDARG 1
| #define HAVE_CSTRING 1
| #define HAVE_CFLOAT 1
| #define HAVE_CTIME 1
| #define HAVE_CSTDDEF 1
| #define HAVE_CMATH 1
| #define HAVE_CFLOAT 1
| #define COIN_C_FINITE finite
| #define HAVE_VA_COPY 1
| #define HAVE_DRAND48 1
| #define HAVE_RAND 1
| #define HAVE_STD__RAND 1
| #define FORTRAN_INTEGER_TYPE int
| #define HAVE_LINEARSOLVERLOADER 1
| /* end confdefs.h.  */
| #include <stdio.h>
| #if HAVE_SYS_TYPES_H
| # include <sys/types.h>
| #endif
| #if HAVE_SYS_STAT_H
| # include <sys/stat.h>
| #endif
| #if STDC_HEADERS
| # include <stdlib.h>
| # include <stddef.h>
| #else
| # if HAVE_STDLIB_H
| #  include <stdlib.h>
| # endif
| #endif
| #if HAVE_STRING_H
| # if !STDC_HEADERS && HAVE_MEMORY_H
| #  include <memory.h>
| # endif
| # include <string.h>
| #endif
| #if HAVE_STRINGS_H
| # include <strings.h>
| #endif
| #if HAVE_INTTYPES_H
| # include <inttypes.h>
| #else
| # if HAVE_STDINT_H
| #  include <stdint.h>
| # endif
| #endif
| #if HAVE_UNISTD_H
| # include <unistd.h>
| #endif
| #include <windows.h>
configure:36641: result: no
configure:36645: checking windows.h presence
configure:36655: gcc -E  conftest.c
conftest.c:57:10: fatal error: windows.h: No such file or directory
   57 | #include <windows.h>
      |          ^~~~~~~~~~~
compilation terminated.
configure:36661: $? = 1
configure: failed program was:
| /* confdefs.h.  */
| 
| #define PACKAGE_NAME "Ipopt"
| #define PACKAGE_TARNAME "ipopt"
| #define PACKAGE_VERSION "3.12.11"
| #define PACKAGE_STRING "Ipopt 3.12.11"
| #define PACKAGE_BUGREPORT "http://projects.coin-or.org/Ipopt/newticket"
| #define IPOPT_VERSION "3.12.11"
| #define IPOPT_VERSION_MAJOR 3
| #define IPOPT_VERSION_MINOR 12
| #define IPOPT_VERSION_RELEASE 11
| #define COIN_IPOPT_VERBOSITY 0
| #define COIN_IPOPT_CHECKLEVEL 0
| #ifdef __cplusplus
| extern "C" void std::exit (int) throw (); using std::exit;
| #endif
| #define F77_FUNC(name,NAME) name ## _
| #define F77_FUNC_(name,NAME) name ## _
| #define PACKAGE "ipopt"
| #define VERSION "3.12.11"
| #define STDC_HEADERS 1
| #define HAVE_SYS_TYPES_H 1
| #define HAVE_SYS_STAT_H 1
| #define HAVE_STDLIB_H 1
| #define HAVE_STRING_H 1
| #define HAVE_MEMORY_H 1
| #define HAVE_STRINGS_H 1
| #define HAVE_INTTYPES_H 1
| #define HAVE_STDINT_H 1
| #define HAVE_UNISTD_H 1
| #define HAVE_DLFCN_H 1
| #define COIN_HAS_BLAS 1
| #define COIN_HAS_LAPACK 1
| #define COIN_HAS_ASL 1
| #define COIN_HAS_MUMPS 1
| #define SIZEOF_INT_P 8
| #define HAVE_CMATH 1
| #define HAVE_CCTYPE 1
| #define HAVE_CASSERT 1
| #define HAVE_CSTDIO 1
| #define HAVE_CSTDLIB 1
| #define HAVE_CSTDARG 1
| #define HAVE_CSTRING 1
| #define HAVE_CFLOAT 1
| #define HAVE_CTIME 1
| #define HAVE_CSTDDEF 1
| #define HAVE_CMATH 1
| #define HAVE_CFLOAT 1
| #define COIN_C_FINITE finite
| #define HAVE_VA_COPY 1
| #define HAVE_DRAND48 1
| #define HAVE_RAND 1
| #define HAVE_STD__RAND 1
| #define FORTRAN_INTEGER_TYPE int
| #define HAVE_LINEARSOLVERLOADER 1
| /* end confdefs.h.  */
| #include <windows.h>
configure:36681: result: no
configure:36716: checking for windows.h
configure:36723: result: no
configure:36757: checking dlfcn.h usability
configure:36769: gcc -c -O3 -pipe -DNDEBUG -Wimplicit -Wparentheses -Wsequence-point -Wreturn-type -Wcast-qual -Wall -Wno-unknown-pragmas -Wno-long-long   -DIPOPT_BUILD  conftest.c >&5
configure:36775: $? = 0
configure:36779: test -z 
			 || test ! -s conftest.err
configure:36782: $? = 0
configure:36785: test -s conftest.o
configure:36788: $? = 0
configure:36798: result: yes
configure:36802: checking dlfcn.h presence
configure:36812: gcc -E  conftest.c
configure:36818: $? = 0
configure:36838: result: yes
configure:36873: checking for dlfcn.h
configure:36880: result: yes
configure:36894: checking for dlopen in -ldl
configure:36932: gcc -o conftest -O3 -pipe -DNDEBUG -Wimplicit -Wparentheses -Wsequence-point -Wreturn-type -Wcast-qual -Wall -Wno-unknown-pragmas -Wno-long-long   -DIPOPT_BUILD   conftest.c -ldl   >&5
configure:36938: $? = 0
configure:36942: test -z 
			 || test ! -s conftest.err
configure:36945: $? = 0
configure:36948: test -s conftest
configure:36951: $? = 0
configure:36964: result: yes
configure:37006: checking for snprintf
configure:37071: gcc -o conftest -O3 -pipe -DNDEBUG -Wimplicit -Wparentheses -Wsequence-point -Wreturn-type -Wcast-qual -Wall -Wno-unknown-pragmas -Wno-long-long   -DIPOPT_BUILD   conftest.c  >&5
conftest.c:83:6: warning: conflicting types for built-in function 'snprintf'; expected 'int(char *, long unsigned int,  const char *, ...)' [-Wbuiltin-declaration-mismatch]
   83 | char snprintf ();
      |      ^~~~~~~~
conftest.c:70:1: note: 'snprintf' is declared in header '<stdio.h>'
   69 | # include <limits.h>
   70 | #else
configure:37077: $? = 0
configure:37081: test -z 
			 || test ! -s conftest.err
configure:37084: $? = 0
configure:37087: test -s conftest
configure:37090: $? = 0
configure:37102: result: yes
configure:37117: checking for vsnprintf
configure:37182: gcc -o conftest -O3 -pipe -DNDEBUG -Wimplicit -Wparentheses -Wsequence-point -Wreturn-type -Wcast-qual -Wall -Wno-unknown-pragmas -Wno-long-long   -DIPOPT_BUILD   conftest.c  >&5
conftest.c:84:6: warning: conflicting types for built-in function 'vsnprintf'; expected 'int(char *, long unsigned int,  const char *, __va_list_tag *)' [-Wbuiltin-declaration-mismatch]
   84 | char vsnprintf ();
      |      ^~~~~~~~~
conftest.c:71:1: note: 'vsnprintf' is declared in header '<stdio.h>'
   70 | # include <limits.h>
   71 | #else
configure:37188: $? = 0
configure:37192: test -z 
			 || test ! -s conftest.err
configure:37195: $? = 0
configure:37198: test -s conftest
configure:37201: $? = 0
configure:37213: result: yes
configure:38029: checking which command should be used to link input files
configure:38037: result: ln -s
configure:38434: creating ./config.status

## ---------------------- ##
## Running config.status. ##
## ---------------------- ##

This file was extended by Ipopt config.status 3.12.11, which was
generated by GNU Autoconf 2.59.  Invocation command line was

  CONFIG_FILES    = 
  CONFIG_HEADERS  = 
  CONFIG_LINKS    = 
  CONFIG_COMMANDS = 
  $ ./config.status 

on Peng-Workstation

config.status:923: creating Makefile
config.status:923: creating src/Common/Makefile
config.status:923: creating src/LinAlg/Makefile
config.status:923: creating src/LinAlg/TMatrices/Makefile
config.status:923: creating src/Interfaces/Makefile
config.status:923: creating src/Algorithm/Makefile
config.status:923: creating src/Algorithm/LinearSolvers/Makefile
config.status:923: creating src/Algorithm/Inexact/Makefile
config.status:923: creating src/contrib/CGPenalty/Makefile
config.status:923: creating src/contrib/LinearSolverLoader/Makefile
config.status:923: creating src/Apps/Makefile
config.status:923: creating src/Apps/AmplSolver/Makefile
config.status:923: creating src/Apps/CUTErInterface/Makefile
config.status:923: creating examples/hs071_f/Makefile
config.status:923: creating examples/hs071_f/hs071_f.f
config.status:923: creating examples/Cpp_example/Makefile
config.status:923: creating examples/hs071_cpp/Makefile
config.status:923: creating examples/hs071_c/Makefile
config.status:923: creating examples/ScalableProblems/Makefile
config.status:923: creating tutorial/CodingExercise/C/1-skeleton/Makefile
config.status:923: creating tutorial/CodingExercise/C/2-mistake/Makefile
config.status:923: creating tutorial/CodingExercise/C/3-solution/Makefile
config.status:923: creating tutorial/CodingExercise/Cpp/1-skeleton/Makefile
config.status:923: creating tutorial/CodingExercise/Cpp/2-mistake/Makefile
config.status:923: creating tutorial/CodingExercise/Cpp/3-solution/Makefile
config.status:923: creating tutorial/CodingExercise/Matlab/1-skeleton/startup.m
config.status:923: creating tutorial/CodingExercise/Matlab/2-mistake/startup.m
config.status:923: creating tutorial/CodingExercise/Matlab/3-solution/startup.m
config.status:923: creating tutorial/CodingExercise/Fortran/1-skeleton/TutorialFortran.f
config.status:923: creating tutorial/CodingExercise/Fortran/2-mistake/TutorialFortran.f
config.status:923: creating tutorial/CodingExercise/Fortran/3-solution/TutorialFortran.f
config.status:923: creating tutorial/CodingExercise/Fortran/1-skeleton/Makefile
config.status:923: creating tutorial/CodingExercise/Fortran/2-mistake/Makefile
config.status:923: creating tutorial/CodingExercise/Fortran/3-solution/Makefile
config.status:923: creating test/Makefile
config.status:923: creating test/run_unitTests
config.status:923: creating contrib/MatlabInterface/src/Makefile
config.status:923: creating contrib/MatlabInterface/examples/startup.m
config.status:923: creating contrib/JavaInterface/Makefile
config.status:923: creating contrib/sIPOPT/Makefile
config.status:923: creating contrib/sIPOPT/AmplSolver/Makefile
config.status:923: creating contrib/sIPOPT/examples/parametric_cpp/Makefile
config.status:923: creating contrib/sIPOPT/examples/parametric_dsdp_cpp/Makefile
config.status:923: creating contrib/sIPOPT/examples/redhess_cpp/Makefile
config.status:923: creating contrib/sIPOPT/src/Makefile
config.status:923: creating ipopt.pc
config.status:923: creating ipopt-uninstalled.pc
config.status:923: creating doxydoc/doxygen.conf
config.status:923: creating contrib/RInterface/src/Makevars
config.status:923: creating ipoptamplinterface.pc
config.status:923: creating ipoptamplinterface-uninstalled.pc
config.status:1027: creating src/Common/config.h
config.status:1027: creating src/Common/config_ipopt.h
config.status:1027: creating examples/ScalableProblems/config.h
config.status:1304: linking ./examples/hs071_cpp/hs071_main.cpp to test/hs071_main.cpp
config.status:1304: linking ./examples/hs071_cpp/hs071_nlp.cpp to test/hs071_nlp.cpp
config.status:1304: linking ./examples/hs071_cpp/hs071_nlp.hpp to test/hs071_nlp.hpp
config.status:1304: linking ./examples/hs071_c/hs071_c.c to test/hs071_c.c
config.status:1541: executing depfiles commands
configure:40159: In case of trouble, first consult the troubleshooting page at https://projects.coin-or.org/BuildTools/wiki/user-troubleshooting
configure:40162: Configuration of Ipopt successful

## ---------------- ##
## Cache variables. ##
## ---------------- ##

ac_cv_build=x86_64-unknown-linux-gnu
ac_cv_build_alias=x86_64-unknown-linux-gnu
ac_cv_c_compiler_gnu=yes
ac_cv_cxx_compiler_gnu=yes
ac_cv_env_ADD_CFLAGS_set=
ac_cv_env_ADD_CFLAGS_value=
ac_cv_env_ADD_CXXFLAGS_set=
ac_cv_env_ADD_CXXFLAGS_value=
ac_cv_env_ADD_FFLAGS_set=
ac_cv_env_ADD_FFLAGS_value=
ac_cv_env_CC_set=
ac_cv_env_CC_value=
ac_cv_env_CDEFS_set=
ac_cv_env_CDEFS_value=
ac_cv_env_CFLAGS_set=
ac_cv_env_CFLAGS_value=
ac_cv_env_CPPFLAGS_set=
ac_cv_env_CPPFLAGS_value=
ac_cv_env_CPP_set=
ac_cv_env_CPP_value=
ac_cv_env_CXXAR_set=
ac_cv_env_CXXAR_value=
ac_cv_env_CXXCPP_set=
ac_cv_env_CXXCPP_value=
ac_cv_env_CXXDEFS_set=
ac_cv_env_CXXDEFS_value=
ac_cv_env_CXXFLAGS_set=
ac_cv_env_CXXFLAGS_value=
ac_cv_env_CXXLIBS_set=
ac_cv_env_CXXLIBS_value=
ac_cv_env_CXX_set=
ac_cv_env_CXX_value=
ac_cv_env_DBG_CFLAGS_set=
ac_cv_env_DBG_CFLAGS_value=
ac_cv_env_DBG_CXXFLAGS_set=
ac_cv_env_DBG_CXXFLAGS_value=
ac_cv_env_DBG_FFLAGS_set=
ac_cv_env_DBG_FFLAGS_value=
ac_cv_env_F77_set=
ac_cv_env_F77_value=
ac_cv_env_FFLAGS_set=
ac_cv_env_FFLAGS_value=
ac_cv_env_LDFLAGS_set=
ac_cv_env_LDFLAGS_value=
ac_cv_env_MPICC_set=
ac_cv_env_MPICC_value=
ac_cv_env_MPICXX_set=
ac_cv_env_MPICXX_value=
ac_cv_env_MPIF77_set=
ac_cv_env_MPIF77_value=
ac_cv_env_OPT_CFLAGS_set=
ac_cv_env_OPT_CFLAGS_value=
ac_cv_env_OPT_CXXFLAGS_set=
ac_cv_env_OPT_CXXFLAGS_value=
ac_cv_env_OPT_FFLAGS_set=
ac_cv_env_OPT_FFLAGS_value=
ac_cv_env_PKG_CONFIG_set=
ac_cv_env_PKG_CONFIG_value=
ac_cv_env_build_alias_set=
ac_cv_env_build_alias_value=
ac_cv_env_host_alias_set=
ac_cv_env_host_alias_value=
ac_cv_env_target_alias_set=
ac_cv_env_target_alias_value=
ac_cv_exeext=
ac_cv_f77_compiler_gnu=yes
ac_cv_f77_dummy_main=none
ac_cv_f77_libs=' -L/usr/lib/gcc/x86_64-linux-gnu/9 -L/usr/lib/gcc/x86_64-linux-gnu/9/../../../x86_64-linux-gnu -L/usr/lib/gcc/x86_64-linux-gnu/9/../../../../lib -L/lib/x86_64-linux-gnu -L/lib/../lib -L/usr/lib/x86_64-linux-gnu -L/usr/lib/../lib -L/usr/lib/gcc/x86_64-linux-gnu/9/../../.. -lgfortran -lm -lquadmath'
ac_cv_f77_mangling='lower case, underscore, no extra underscore'
ac_cv_fortran_dummy_main=none
ac_cv_func_MPI_Initialized=no
ac_cv_func_mkl_get_version_string=no
ac_cv_func_snprintf=yes
ac_cv_func_vsnprintf=yes
ac_cv_have_decl_drand48=yes
ac_cv_have_decl_finite=yes
ac_cv_have_decl_isfinite=no
ac_cv_have_decl_rand=yes
ac_cv_have_decl_srand=yes
ac_cv_have_decl_va_copy=yes
ac_cv_header_cassert=yes
ac_cv_header_cctype=yes
ac_cv_header_cfloat=yes
ac_cv_header_cieeefp=no
ac_cv_header_cmath=yes
ac_cv_header_cstdarg=yes
ac_cv_header_cstddef=yes
ac_cv_header_cstdio=yes
ac_cv_header_cstdlib=yes
ac_cv_header_cstring=yes
ac_cv_header_ctime=yes
ac_cv_header_dlfcn_h=yes
ac_cv_header_ieeefp_h=no
ac_cv_header_windows_h=no
ac_cv_lib_dl_dlopen=yes
ac_cv_objext=o
ac_cv_path_install='/usr/bin/install -c'
ac_cv_prog_AWK=mawk
ac_cv_prog_ac_ct_CC=gcc
ac_cv_prog_ac_ct_CXX=g++
ac_cv_prog_ac_ct_F77=gfortran
ac_cv_prog_ac_ct_PKG_CONFIG=pkg-config
ac_cv_prog_cc_g=yes
ac_cv_prog_cc_stdc=
ac_cv_prog_coin_doxy_usedot=YES
ac_cv_prog_coin_have_doxygen=yes
ac_cv_prog_coin_have_latex=no
ac_cv_prog_cxx_g=yes
ac_cv_prog_egrep='grep -E'
ac_cv_prog_f77_g=yes
ac_cv_prog_f77_v=-v
ac_cv_prog_have_svnversion=yes
ac_cv_prog_make_make_set=yes
ac_cv_sizeof_int_p=8
ac_cv_type_int_p=yes
am_cv_CC_dependencies_compiler_type=gcc3
am_cv_CXX_dependencies_compiler_type=gcc3

## ----------------- ##
## Output variables. ##
## ----------------- ##

ABSBUILDDIR='/home/peng/workspaces/casper-auto/CasperAuto/src/planning/speed_profile_planner/Ipopt-3.12.11/Ipopt'
ACLOCAL='${SHELL} /home/peng/workspaces/casper-auto/CasperAuto/src/planning/speed_profile_planner/Ipopt-3.12.11/Ipopt/missing --run aclocal-1.9'
ADD_CFLAGS=''
ADD_CXXFLAGS=''
ADD_FFLAGS=''
AIX_FIX_COMPILER_BUG_FALSE=''
AIX_FIX_COMPILER_BUG_TRUE='#'
ALWAYS_FALSE_FALSE=''
ALWAYS_FALSE_TRUE='#'
AMDEPBACKSLASH='\'
AMDEP_FALSE='#'
AMDEP_TRUE=''
AMTAR='${SHELL} /home/peng/workspaces/casper-auto/CasperAuto/src/planning/speed_profile_planner/Ipopt-3.12.11/Ipopt/missing --run tar'
AR='ar'
ASL_CFLAGS='-I/home/peng/workspaces/casper-auto/CasperAuto/src/planning/speed_profile_planner/Ipopt-3.12.11/ThirdParty/ASL -I/home/peng/workspaces/casper-auto/CasperAuto/src/planning/speed_profile_planner/Ipopt-3.12.11/ThirdParty/ASL/solvers'
ASL_CFLAGS_INSTALLED=''
ASL_DATA=''
ASL_DATA_INSTALLED=''
ASL_DEPENDENCIES=' /home/peng/workspaces/casper-auto/CasperAuto/src/planning/speed_profile_planner/Ipopt-3.12.11/ThirdParty/ASL/libcoinasl.la'
ASL_LIBS='/home/peng/workspaces/casper-auto/CasperAuto/src/planning/speed_profile_planner/Ipopt-3.12.11/ThirdParty/ASL/libcoinasl.la -lm -ldl'
ASL_LIBS_INSTALLED=''
ASTYLE='astyle'
ASTYLEFLAGS='--mode=c --indent=spaces=2 --indent-cases --indent-namespaces --min-conditional-indent=1 --brackets=linux --brackets=break-closing --convert-tabs'
AUTOCONF='${SHELL} /home/peng/workspaces/casper-auto/CasperAuto/src/planning/speed_profile_planner/Ipopt-3.12.11/Ipopt/missing --run autoconf'
AUTOHEADER='${SHELL} /home/peng/workspaces/casper-auto/CasperAuto/src/planning/speed_profile_planner/Ipopt-3.12.11/Ipopt/missing --run autoheader'
AUTOMAKE='${SHELL} /home/peng/workspaces/casper-auto/CasperAuto/src/planning/speed_profile_planner/Ipopt-3.12.11/Ipopt/missing --run automake-1.9'
AUX_DIR=''
AWK='mawk'
BIT32FCOMMENT='C'
BIT64FCOMMENT=''
BITS_PER_POINTER='64'
BLAS_CFLAGS=''
BLAS_CFLAGS_INSTALLED=''
BLAS_DATA=''
BLAS_DATA_INSTALLED=''
BLAS_DEPENDENCIES=''
BLAS_LIBS='/usr/local/lib/libcoinblas.a -lgfortran  -L/usr/lib/gcc/x86_64-linux-gnu/9 -L/usr/lib/gcc/x86_64-linux-gnu/9/../../../x86_64-linux-gnu -L/usr/lib/gcc/x86_64-linux-gnu/9/../../../../lib -L/lib/x86_64-linux-gnu -L/lib/../lib -L/usr/lib/x86_64-linux-gnu -L/usr/lib/../lib -L/usr/lib/gcc/x86_64-linux-gnu/9/../../.. -lgfortran -lm -lquadmath'
BLAS_LIBS_INSTALLED=''
BLUEGENEEXTRA='echo'
BUILDTOOLSDIR=''
BUILD_INEXACT_FALSE=''
BUILD_INEXACT_TRUE='#'
BUILD_LINEARSOLVERLOADER_FALSE='#'
BUILD_LINEARSOLVERLOADER_TRUE=''
BUILD_PARDISOLOADER_FALSE='#'
BUILD_PARDISOLOADER_TRUE=''
CC='gcc'
CCDEPMODE='depmode=gcc3'
CDEFS=''
CFLAGS='-O3 -pipe -DNDEBUG -Wimplicit -Wparentheses -Wsequence-point -Wreturn-type -Wcast-qual -Wall -Wno-unknown-pragmas -Wno-long-long   -DIPOPT_BUILD'
COIN_CC_IS_CL_FALSE=''
COIN_CC_IS_CL_TRUE='#'
COIN_CXX_IS_CL_FALSE=''
COIN_CXX_IS_CL_TRUE='#'
COIN_HAS_ASL_FALSE='#'
COIN_HAS_ASL_TRUE=''
COIN_HAS_BLAS_FALSE='#'
COIN_HAS_BLAS_TRUE=''
COIN_HAS_DOXYGEN_FALSE='#'
COIN_HAS_DOXYGEN_TRUE=''
COIN_HAS_F77_FALSE='#'
COIN_HAS_F77_TRUE=''
COIN_HAS_HSL_FALSE=''
COIN_HAS_HSL_TRUE='#'
COIN_HAS_LAPACK_FALSE='#'
COIN_HAS_LAPACK_TRUE=''
COIN_HAS_LATEX_FALSE=''
COIN_HAS_LATEX_TRUE='#'
COIN_HAS_MUMPS_FALSE='#'
COIN_HAS_MUMPS_TRUE=''
COIN_HAS_PKGCONFIG_FALSE='#'
COIN_HAS_PKGCONFIG_TRUE=''
COIN_PKG_CONFIG_PATH='/usr/local/lib64/pkgconfig:/usr/local/lib/pkgconfig:/usr/local/share/pkgconfig:'
COIN_PKG_CONFIG_PATH_UNINSTALLED='/home/peng/workspaces/casper-auto/CasperAuto/src/planning/speed_profile_planner/Ipopt-3.12.11/Ipopt:/home/peng/workspaces/casper-auto/CasperAuto/src/planning/speed_profile_planner/Ipopt-3.12.11/ThirdParty/Mumps:/home/peng/workspaces/casper-auto/CasperAuto/src/planning/speed_profile_planner/Ipopt-3.12.11/ThirdParty/ASL:'
CPP='gcc -E'
CPPFLAGS=''
CXX='g++'
CXXAR='ar cru'
CXXCPP='g++ -E'
CXXDEFS=''
CXXDEPMODE='depmode=gcc3'
CXXFLAGS='-O3 -pipe -DNDEBUG    -DIPOPT_BUILD'
CXXLIBS='-lstdc++ -lm'
CYGPATH_W='echo'
DBG_CFLAGS='-g -O0 -pipe -Wimplicit -Wparentheses -Wsequence-point -Wreturn-type -Wcast-qual -Wall -Wno-unknown-pragmas -Wno-long-long  '
DBG_CXXFLAGS='-g -O0 -pipe   '
DBG_FFLAGS='-g -O0 -pipe  '
DEFS='-DHAVE_CONFIG_H'
DEPDIR='.deps'
DEPENDENCY_LINKING_FALSE='#'
DEPENDENCY_LINKING_TRUE=''
ECHO='echo'
ECHO_C=''
ECHO_N='-n'
ECHO_T=''
EGREP='grep -E'
EXEEXT=''
F77='gfortran'
FFLAGS='-O3 -pipe  '
FLIBS=' -L/usr/lib/gcc/x86_64-linux-gnu/9 -L/usr/lib/gcc/x86_64-linux-gnu/9/../../../x86_64-linux-gnu -L/usr/lib/gcc/x86_64-linux-gnu/9/../../../../lib -L/lib/x86_64-linux-gnu -L/lib/../lib -L/usr/lib/x86_64-linux-gnu -L/usr/lib/../lib -L/usr/lib/gcc/x86_64-linux-gnu/9/../../.. -lgfortran -lm -lquadmath'
FRAMEWORK_VECLIB=''
HAVE_EXTERNALS_FALSE=''
HAVE_EXTERNALS_TRUE='#'
HAVE_MA28_FALSE=''
HAVE_MA28_TRUE='#'
HAVE_PARDISO_FALSE=''
HAVE_PARDISO_TRUE='#'
HAVE_WSMP_FALSE=''
HAVE_WSMP_TRUE='#'
HSL_CFLAGS=''
HSL_CFLAGS_INSTALLED=''
HSL_DATA=''
HSL_DATA_INSTALLED=''
HSL_DEPENDENCIES=''
HSL_LIBS=''
HSL_LIBS_INSTALLED=''
INSTALL_DATA='${INSTALL} -m 644'
INSTALL_PROGRAM='${INSTALL}'
INSTALL_SCRIPT='${INSTALL}'
INSTALL_STRIP_PROGRAM='${SHELL} $(install_sh) -c -s'
IPALLLIBS='../contrib/LinearSolverLoader/libLinearSolverLoader.la ../contrib/CGPenalty/libcgpenalty.la ../Algorithm/libipoptalg.la ../Algorithm/LinearSolvers/liblinsolvers.la ../Common/libcommon.la ../LinAlg/liblinalg.la ../LinAlg/TMatrices/libtmatrices.la'
IPOPTAMPLINTERFACELIB_CFLAGS='-I/home/peng/workspaces/casper-auto/CasperAuto/src/planning/speed_profile_planner/Ipopt-3.12.11/ThirdParty/ASL -I/home/peng/workspaces/casper-auto/CasperAuto/src/planning/speed_profile_planner/Ipopt-3.12.11/ThirdParty/ASL/solvers '
IPOPTAMPLINTERFACELIB_CFLAGS_INSTALLED=''
IPOPTAMPLINTERFACELIB_DEPENDENCIES=' /home/peng/workspaces/casper-auto/CasperAuto/src/planning/speed_profile_planner/Ipopt-3.12.11/ThirdParty/ASL/libcoinasl.la  '
IPOPTAMPLINTERFACELIB_LIBS='/home/peng/workspaces/casper-auto/CasperAuto/src/planning/speed_profile_planner/Ipopt-3.12.11/ThirdParty/ASL/libcoinasl.la -lm -ldl '
IPOPTAMPLINTERFACELIB_LIBS_INSTALLED=''
IPOPTAMPLINTERFACELIB_PCLIBS=''
IPOPTAMPLINTERFACELIB_PCREQUIRES='coinasl '
IPOPTLIB_CFLAGS='-DCOIN_USE_MUMPS_MPI_H -I/home/peng/workspaces/casper-auto/CasperAuto/src/planning/speed_profile_planner/Ipopt-3.12.11/ThirdParty/Mumps/MUMPS/libseq -I/home/peng/workspaces/casper-auto/CasperAuto/src/planning/speed_profile_planner/Ipopt-3.12.11/ThirdParty/Mumps/MUMPS/include '
IPOPTLIB_CFLAGS_INSTALLED=''
IPOPTLIB_DEPENDENCIES=' /home/peng/workspaces/casper-auto/CasperAuto/src/planning/speed_profile_planner/Ipopt-3.12.11/ThirdParty/Mumps/libcoinmumps.la /usr/local/lib/libcoinblas.a /usr/local/lib/libcoinlapack.a /usr/local/lib/libcoinblas.a  /usr/local/lib/libcoinblas.a   '
IPOPTLIB_LIBS='-L/usr/lib/gcc/x86_64-linux-gnu/9 -L/usr/lib/gcc/x86_64-linux-gnu/9/../../../x86_64-linux-gnu -L/usr/lib/gcc/x86_64-linux-gnu/9/../../../../lib -L/lib/../lib -L/usr/lib/../lib -L/usr/lib/gcc/x86_64-linux-gnu/9/../../.. -L/usr/lib/gcc/x86_64-linux-gnu/9 -L/usr/lib/gcc/x86_64-linux-gnu/9/../../../x86_64-linux-gnu -L/usr/lib/gcc/x86_64-linux-gnu/9/../../../../lib -L/lib/../lib -L/usr/lib/../lib -L/usr/lib/gcc/x86_64-linux-gnu/9/../../.. /home/peng/workspaces/casper-auto/CasperAuto/src/planning/speed_profile_planner/Ipopt-3.12.11/ThirdParty/Mumps/libcoinmumps.la /usr/local/lib/libcoinblas.a -lgfortran -lm -lquadmath -lgfortran -lm -lquadmath /usr/local/lib/libcoinlapack.a /usr/local/lib/libcoinblas.a -lgfortran  -L/usr/lib/gcc/x86_64-linux-gnu/9 -L/usr/lib/gcc/x86_64-linux-gnu/9/../../../x86_64-linux-gnu -L/usr/lib/gcc/x86_64-linux-gnu/9/../../../../lib -L/lib/x86_64-linux-gnu -L/lib/../lib -L/usr/lib/x86_64-linux-gnu -L/usr/lib/../lib -L/usr/lib/gcc/x86_64-linux-gnu/9/../../.. -lgfortran -lm -lquadmath /usr/local/lib/libcoinblas.a -lgfortran  -L/usr/lib/gcc/x86_64-linux-gnu/9 -L/usr/lib/gcc/x86_64-linux-gnu/9/../../../x86_64-linux-gnu -L/usr/lib/gcc/x86_64-linux-gnu/9/../../../../lib -L/lib/x86_64-linux-gnu -L/lib/../lib -L/usr/lib/x86_64-linux-gnu -L/usr/lib/../lib -L/usr/lib/gcc/x86_64-linux-gnu/9/../../.. -lgfortran -lm -lquadmath -lm  -ldl'
IPOPTLIB_LIBS_INSTALLED='/usr/local/lib/libcoinlapack.a /usr/local/lib/libcoinblas.a -lgfortran  -L/usr/lib/gcc/x86_64-linux-gnu/9 -L/usr/lib/gcc/x86_64-linux-gnu/9/../../../x86_64-linux-gnu -L/usr/lib/gcc/x86_64-linux-gnu/9/../../../../lib -L/lib/x86_64-linux-gnu -L/lib/../lib -L/usr/lib/x86_64-linux-gnu -L/usr/lib/../lib -L/usr/lib/gcc/x86_64-linux-gnu/9/../../.. -lgfortran -lm -lquadmath /usr/local/lib/libcoinblas.a -lgfortran  -L/usr/lib/gcc/x86_64-linux-gnu/9 -L/usr/lib/gcc/x86_64-linux-gnu/9/../../../x86_64-linux-gnu -L/usr/lib/gcc/x86_64-linux-gnu/9/../../../../lib -L/lib/x86_64-linux-gnu -L/lib/../lib -L/usr/lib/x86_64-linux-gnu -L/usr/lib/../lib -L/usr/lib/gcc/x86_64-linux-gnu/9/../../.. -lgfortran -lm -lquadmath -lm  -ldl'
IPOPTLIB_PCLIBS='/usr/local/lib/libcoinlapack.a /usr/local/lib/libcoinblas.a -lgfortran  -L/usr/lib/gcc/x86_64-linux-gnu/9 -L/usr/lib/gcc/x86_64-linux-gnu/9/../../../x86_64-linux-gnu -L/usr/lib/gcc/x86_64-linux-gnu/9/../../../../lib -L/lib/x86_64-linux-gnu -L/lib/../lib -L/usr/lib/x86_64-linux-gnu -L/usr/lib/../lib -L/usr/lib/gcc/x86_64-linux-gnu/9/../../.. -lgfortran -lm -lquadmath /usr/local/lib/libcoinblas.a -lgfortran  -L/usr/lib/gcc/x86_64-linux-gnu/9 -L/usr/lib/gcc/x86_64-linux-gnu/9/../../../x86_64-linux-gnu -L/usr/lib/gcc/x86_64-linux-gnu/9/../../../../lib -L/lib/x86_64-linux-gnu -L/lib/../lib -L/usr/lib/x86_64-linux-gnu -L/usr/lib/../lib -L/usr/lib/gcc/x86_64-linux-gnu/9/../../.. -lgfortran -lm -lquadmath -lm  -ldl'
IPOPTLIB_PCREQUIRES='coinmumps '
IPOPT_SVN_REV=''
JAVA_HOME=''
JIPOPTDLL='libjipopt.so'
LAPACK_CFLAGS=''
LAPACK_CFLAGS_INSTALLED=''
LAPACK_DATA=''
LAPACK_DATA_INSTALLED=''
LAPACK_DEPENDENCIES=''
LAPACK_LIBS='/usr/local/lib/libcoinlapack.a /usr/local/lib/libcoinblas.a -lgfortran  -L/usr/lib/gcc/x86_64-linux-gnu/9 -L/usr/lib/gcc/x86_64-linux-gnu/9/../../../x86_64-linux-gnu -L/usr/lib/gcc/x86_64-linux-gnu/9/../../../../lib -L/lib/x86_64-linux-gnu -L/lib/../lib -L/usr/lib/x86_64-linux-gnu -L/usr/lib/../lib -L/usr/lib/gcc/x86_64-linux-gnu/9/../../.. -lgfortran -lm -lquadmath'
LAPACK_LIBS_INSTALLED=''
LDFLAGS=''
LIBEXT='a'
LIBOBJS=''
LIBS=''
LIBTOOL='$(SHELL) $(top_builddir)/../libtool'
LIBTOOLM4=''
LN_S='ln -s'
LTLIBOBJS=''
LT_LDFLAGS='-no-undefined -version-info 11:11:10'
MAINT='#'
MAINTAINER_MODE_FALSE=''
MAINTAINER_MODE_TRUE='#'
MAKEINFO='${SHELL} /home/peng/workspaces/casper-auto/CasperAuto/src/planning/speed_profile_planner/Ipopt-3.12.11/Ipopt/missing --run makeinfo'
MATLAB_CYGPATH_W='echo'
MATLAB_HOME='/usr/local/MATLAB/R2021b'
MEXSUFFIX='mexa64'
MEX_STATIC_FALSE=''
MEX_STATIC_TRUE='#'
MEX_WINDOWS_FALSE=''
MEX_WINDOWS_TRUE='#'
MPICC=''
MPICXX=''
MPIF77=''
MUMPS_CFLAGS='-DCOIN_USE_MUMPS_MPI_H -I/home/peng/workspaces/casper-auto/CasperAuto/src/planning/speed_profile_planner/Ipopt-3.12.11/ThirdParty/Mumps/MUMPS/libseq -I/home/peng/workspaces/casper-auto/CasperAuto/src/planning/speed_profile_planner/Ipopt-3.12.11/ThirdParty/Mumps/MUMPS/include'
MUMPS_CFLAGS_INSTALLED=''
MUMPS_DATA=''
MUMPS_DATA_INSTALLED=''
MUMPS_DEPENDENCIES=' /home/peng/workspaces/casper-auto/CasperAuto/src/planning/speed_profile_planner/Ipopt-3.12.11/ThirdParty/Mumps/libcoinmumps.la /usr/local/lib/libcoinblas.a'
MUMPS_LIBS='-L/usr/lib/gcc/x86_64-linux-gnu/9 -L/usr/lib/gcc/x86_64-linux-gnu/9/../../../x86_64-linux-gnu -L/usr/lib/gcc/x86_64-linux-gnu/9/../../../../lib -L/lib/../lib -L/usr/lib/../lib -L/usr/lib/gcc/x86_64-linux-gnu/9/../../.. -L/usr/lib/gcc/x86_64-linux-gnu/9 -L/usr/lib/gcc/x86_64-linux-gnu/9/../../../x86_64-linux-gnu -L/usr/lib/gcc/x86_64-linux-gnu/9/../../../../lib -L/lib/../lib -L/usr/lib/../lib -L/usr/lib/gcc/x86_64-linux-gnu/9/../../.. /home/peng/workspaces/casper-auto/CasperAuto/src/planning/speed_profile_planner/Ipopt-3.12.11/ThirdParty/Mumps/libcoinmumps.la /usr/local/lib/libcoinblas.a -lgfortran -lm -lquadmath -lgfortran -lm -lquadmath'
MUMPS_LIBS_INSTALLED=''
MWMA57PATH=''
OBJEXT='o'
OPT_CFLAGS='-O3 -pipe -DNDEBUG -Wimplicit -Wparentheses -Wsequence-point -Wreturn-type -Wcast-qual -Wall -Wno-unknown-pragmas -Wno-long-long  '
OPT_CXXFLAGS='-O3 -pipe -DNDEBUG   '
OPT_FFLAGS='-O3 -pipe  '
PACKAGE='ipopt'
PACKAGE_BUGREPORT='http://projects.coin-or.org/Ipopt/newticket'
PACKAGE_NAME='Ipopt'
PACKAGE_STRING='Ipopt 3.12.11'
PACKAGE_TARNAME='ipopt'
PACKAGE_VERSION='3.12.11'
PATH_SEPARATOR=':'
PKG_CONFIG='pkg-config'
RANLIB='ranlib'
RPATH_FLAGS=' -Wl,--rpath -Wl,/usr/local/lib'
SET_MAKE=''
SHARED_FLAGS='-shared'
SHELL='/bin/bash'
STRIP='strip'
VERSION='3.12.11'
VPATH_DISTCLEANFILES=''
abs_bin_dir='/usr/local/bin'
abs_include_dir='/usr/local/include'
abs_lib_dir='/usr/local/lib'
abs_source_dir='/home/peng/workspaces/casper-auto/CasperAuto/src/planning/speed_profile_planner/Ipopt-3.12.11/Ipopt'
ac_c_preproc_warn_flag=''
ac_ct_AR='ar'
ac_ct_CC='gcc'
ac_ct_CXX='g++'
ac_ct_F77='gfortran'
ac_ct_PKG_CONFIG='pkg-config'
ac_ct_RANLIB='ranlib'
ac_ct_STRIP='strip'
ac_cxx_preproc_warn_flag=''
am__fastdepCC_FALSE='#'
am__fastdepCC_TRUE=''
am__fastdepCXX_FALSE='#'
am__fastdepCXX_TRUE=''
am__include='include'
am__leading_dot='.'
am__quote=''
am__tar='${AMTAR} chof - "$$tardir"'
am__untar='${AMTAR} xf -'
bindir='${exec_prefix}/bin'
build='x86_64-unknown-linux-gnu'
build_alias=''
build_cpu='x86_64'
build_os='linux-gnu'
build_vendor='unknown'
coin_doxy_excludes=''
coin_doxy_logname='doxydoc/ipopt_doxy.log'
coin_doxy_tagfiles=''
coin_doxy_tagname='doxydoc/ipopt_doxy.tag'
coin_doxy_usedot='YES'
coin_have_doxygen='yes'
coin_have_latex='no'
datadir='${prefix}/share'
exec_prefix='${prefix}'
have_autoconf=''
have_automake=''
have_svn=''
have_svnversion='yes'
host='x86_64-unknown-linux-gnu'
host_alias=''
host_cpu='x86_64'
host_os='linux-gnu'
host_vendor='unknown'
includedir='${prefix}/include'
infodir='${prefix}/info'
install_sh='/home/peng/workspaces/casper-auto/CasperAuto/src/planning/speed_profile_planner/Ipopt-3.12.11/Ipopt/install-sh'
libdir='${exec_prefix}/lib'
libexecdir='${exec_prefix}/libexec'
localstatedir='${prefix}/var'
mandir='${prefix}/man'
mkdir_p='mkdir -p --'
oldincludedir='/usr/include'
prefix='/usr/local'
program_transform_name='s,x,x,'
sbindir='${exec_prefix}/sbin'
sharedstatedir='${prefix}/com'
sol_cc_compiler=''
sysconfdir='${prefix}/etc'
target_alias=''

## ----------- ##
## confdefs.h. ##
## ----------- ##

#define COIN_C_FINITE finite
#define COIN_HAS_ASL 1
#define COIN_HAS_BLAS 1
#define COIN_HAS_LAPACK 1
#define COIN_HAS_MUMPS 1
#define COIN_IPOPT_CHECKLEVEL 0
#define COIN_IPOPT_VERBOSITY 0
#define F77_FUNC(name,NAME) name ## _
#define F77_FUNC_(name,NAME) name ## _
#define FORTRAN_INTEGER_TYPE int
#define HAVE_CASSERT 1
#define HAVE_CCTYPE 1
#define HAVE_CFLOAT 1
#define HAVE_CFLOAT 1
#define HAVE_CMATH 1
#define HAVE_CMATH 1
#define HAVE_CSTDARG 1
#define HAVE_CSTDDEF 1
#define HAVE_CSTDIO 1
#define HAVE_CSTDLIB 1
#define HAVE_CSTRING 1
#define HAVE_CTIME 1
#define HAVE_DLFCN_H 1
#define HAVE_DLFCN_H 1
#define HAVE_DRAND48 1
#define HAVE_INTTYPES_H 1
#define HAVE_LINEARSOLVERLOADER 1
#define HAVE_MEMORY_H 1
#define HAVE_RAND 1
#define HAVE_SNPRINTF 1
#define HAVE_STDINT_H 1
#define HAVE_STDLIB_H 1
#define HAVE_STD__RAND 1
#define HAVE_STRINGS_H 1
#define HAVE_STRING_H 1
#define HAVE_SYS_STAT_H 1
#define HAVE_SYS_TYPES_H 1
#define HAVE_UNISTD_H 1
#define HAVE_VA_COPY 1
#define HAVE_VSNPRINTF 1
#define IPOPT_VERSION "3.12.11"
#define IPOPT_VERSION_MAJOR 3
#define IPOPT_VERSION_MINOR 12
#define IPOPT_VERSION_RELEASE 11
#define PACKAGE "ipopt"
#define PACKAGE_BUGREPORT "http://projects.coin-or.org/Ipopt/newticket"
#define PACKAGE_NAME "Ipopt"
#define PACKAGE_STRING "Ipopt 3.12.11"
#define PACKAGE_TARNAME "ipopt"
#define PACKAGE_VERSION "3.12.11"
#define SHAREDLIBEXT "so"
#define SIZEOF_INT_P 8
#define STDC_HEADERS 1
#define VERSION "3.12.11"
#endif
#ifdef __cplusplus
extern "C" void std::exit (int) throw (); using std::exit;

configure: exit 0
